<?xml version="1.0" encoding="UTF-8"?>
<testsuite name="com.example.faultsimulator.fault_simulator_service.CircuitFaultSimulatorServiceTest" tests="5" skipped="0" failures="1" errors="0" timestamp="2024-12-15T17:17:11" hostname="DESKTOP-R8CA1QA" time="0.045">
  <properties/>
  <testcase name="getCircuitGraph()" classname="com.example.faultsimulator.fault_simulator_service.CircuitFaultSimulatorServiceTest" time="0.003"/>
  <testcase name="evaluateCircuit()" classname="com.example.faultsimulator.fault_simulator_service.CircuitFaultSimulatorServiceTest" time="0.003"/>
  <testcase name="parseFile()" classname="com.example.faultsimulator.fault_simulator_service.CircuitFaultSimulatorServiceTest" time="0.004"/>
  <testcase name="parseC432File()" classname="com.example.faultsimulator.fault_simulator_service.CircuitFaultSimulatorServiceTest" time="0.024">
    <failure message="org.opentest4j.AssertionFailedError: There should be 120 gates. ==&gt; expected: &lt;120&gt; but was: &lt;160&gt;" type="org.opentest4j.AssertionFailedError">org.opentest4j.AssertionFailedError: There should be 120 gates. ==&gt; expected: &lt;120&gt; but was: &lt;160&gt;
	at app//org.junit.jupiter.api.AssertionFailureBuilder.build(AssertionFailureBuilder.java:151)
	at app//org.junit.jupiter.api.AssertionFailureBuilder.buildAndThrow(AssertionFailureBuilder.java:132)
	at app//org.junit.jupiter.api.AssertEquals.failNotEqual(AssertEquals.java:197)
	at app//org.junit.jupiter.api.AssertEquals.assertEquals(AssertEquals.java:150)
	at app//org.junit.jupiter.api.Assertions.assertEquals(Assertions.java:563)
	at app//com.example.faultsimulator.fault_simulator_service.CircuitFaultSimulatorServiceTest.parseC432File(CircuitFaultSimulatorServiceTest.java:122)
	at java.base@21.0.5/java.lang.reflect.Method.invoke(Method.java:580)
	at java.base@21.0.5/java.util.ArrayList.forEach(ArrayList.java:1596)
	at java.base@21.0.5/java.util.ArrayList.forEach(ArrayList.java:1596)
</failure>
  </testcase>
  <testcase name="evaluateC432Circuit()" classname="com.example.faultsimulator.fault_simulator_service.CircuitFaultSimulatorServiceTest" time="0.009"/>
  <system-out><![CDATA[getCircuitGraph Test: CircuitGraph successfully retrieved.
Parsing line: # c17
Parsing line: # 5 inputs
Parsing line: # 2 outputs
Parsing line: # 0 inverter
Parsing line: # 6 gates ( 6 NANDs )
Parsing line: 
Parsing line: INPUT(1)
Parsing line: INPUT(2)
Parsing line: INPUT(3)
Parsing line: INPUT(6)
Parsing line: INPUT(7)
Parsing line: 
Parsing line: OUTPUT(22)
Parsing line: OUTPUT(23)
Parsing line: 
Parsing line: 10 = NAND(1, 3)
Parsing line: 11 = NAND(3, 6)
Parsing line: 16 = NAND(2, 11)
Parsing line: 19 = NAND(11, 7)
Parsing line: 22 = NAND(10, 16)
Parsing line: 23 = NAND(16, 19)
Parsing Successful: Primary Inputs, Outputs, and Gates are as expected.
Loading c432.bench from resources...
File loaded successfully.
# c432
# 36 inputs
# 7 outputs
# 40 inverters
# 120 gates ( 4 ANDs + 119 NANDs + 19 NORs + 18 XORs )

INPUT(1)
INPUT(4)
INPUT(8)
INPUT(11)
INPUT(14)
INPUT(17)
INPUT(21)
INPUT(24)
INPUT(27)
INPUT(30)
INPUT(34)
INPUT(37)
INPUT(40)
INPUT(43)
INPUT(47)
INPUT(50)
INPUT(53)
INPUT(56)
INPUT(60)
INPUT(63)
INPUT(66)
INPUT(69)
INPUT(73)
INPUT(76)
INPUT(79)
INPUT(82)
INPUT(86)
INPUT(89)
INPUT(92)
INPUT(95)
INPUT(99)
INPUT(102)
INPUT(105)
INPUT(108)
INPUT(112)
INPUT(115)

OUTPUT(223)
OUTPUT(329)
OUTPUT(370)
OUTPUT(421)
OUTPUT(430)
OUTPUT(431)
OUTPUT(432)

118 = NOT(1)
119 = NOT(4)
122 = NOT(11)
123 = NOT(17)
126 = NOT(24)
127 = NOT(30)
130 = NOT(37)
131 = NOT(43)
134 = NOT(50)
135 = NOT(56)
138 = NOT(63)
139 = NOT(69)
142 = NOT(76)
143 = NOT(82)
146 = NOT(89)
147 = NOT(95)
150 = NOT(102)
151 = NOT(108)
154 = NAND(118, 4)
157 = NOR(8, 119)
158 = NOR(14, 119)
159 = NAND(122, 17)
162 = NAND(126, 30)
165 = NAND(130, 43)
168 = NAND(134, 56)
171 = NAND(138, 69)
174 = NAND(142, 82)
177 = NAND(146, 95)
180 = NAND(150, 108)
183 = NOR(21, 123)
184 = NOR(27, 123)
185 = NOR(34, 127)
186 = NOR(40, 127)
187 = NOR(47, 131)
188 = NOR(53, 131)
189 = NOR(60, 135)
190 = NOR(66, 135)
191 = NOR(73, 139)
192 = NOR(79, 139)
193 = NOR(86, 143)
194 = NOR(92, 143)
195 = NOR(99, 147)
196 = NOR(105, 147)
197 = NOR(112, 151)
198 = NOR(115, 151)
199 = AND(154, 159, 162, 165, 168, 171, 174, 177, 180)
203 = NOT(199)
213 = NOT(199)
223 = NOT(199)
224 = XOR(203, 154)
227 = XOR(203, 159)
230 = XOR(203, 162)
233 = XOR(203, 165)
236 = XOR(203, 168)
239 = XOR(203, 171)
242 = NAND(1, 213)
243 = XOR(203, 174)
246 = NAND(213, 11)
247 = XOR(203, 177)
250 = NAND(213, 24)
251 = XOR(203, 180)
254 = NAND(213, 37)
255 = NAND(213, 50)
256 = NAND(213, 63)
257 = NAND(213, 76)
258 = NAND(213, 89)
259 = NAND(213, 102)
260 = NAND(224, 157)
263 = NAND(224, 158)
264 = NAND(227, 183)
267 = NAND(230, 185)
270 = NAND(233, 187)
273 = NAND(236, 189)
276 = NAND(239, 191)
279 = NAND(243, 193)
282 = NAND(247, 195)
285 = NAND(251, 197)
288 = NAND(227, 184)
289 = NAND(230, 186)
290 = NAND(233, 188)
291 = NAND(236, 190)
292 = NAND(239, 192)
293 = NAND(243, 194)
294 = NAND(247, 196)
295 = NAND(251, 198)
296 = AND(260, 264, 267, 270, 273, 276, 279, 282, 285)
300 = NOT(263)
301 = NOT(288)
302 = NOT(289)
303 = NOT(290)
304 = NOT(291)
305 = NOT(292)
306 = NOT(293)
307 = NOT(294)
308 = NOT(295)
309 = NOT(296)
319 = NOT(296)
329 = NOT(296)
330 = XOR(309, 260)
331 = XOR(309, 264)
332 = XOR(309, 267)
333 = XOR(309, 270)
334 = NAND(8, 319)
335 = XOR(309, 273)
336 = NAND(319, 21)
337 = XOR(309, 276)
338 = NAND(319, 34)
339 = XOR(309, 279)
340 = NAND(319, 47)
341 = XOR(309, 282)
342 = NAND(319, 60)
343 = XOR(309, 285)
344 = NAND(319, 73)
345 = NAND(319, 86)
346 = NAND(319, 99)
347 = NAND(319, 112)
348 = NAND(330, 300)
349 = NAND(331, 301)
350 = NAND(332, 302)
351 = NAND(333, 303)
352 = NAND(335, 304)
353 = NAND(337, 305)
354 = NAND(339, 306)
355 = NAND(341, 307)
356 = NAND(343, 308)
357 = AND(348, 349, 350, 351, 352, 353, 354, 355, 356)
360 = NOT(357)
370 = NOT(357)
371 = NAND(14, 360)
372 = NAND(360, 27)
373 = NAND(360, 40)
374 = NAND(360, 53)
375 = NAND(360, 66)
376 = NAND(360, 79)
377 = NAND(360, 92)
378 = NAND(360, 105)
379 = NAND(360, 115)
380 = NAND(4, 242, 334, 371)
381 = NAND(246, 336, 372, 17)
386 = NAND(250, 338, 373, 30)
393 = NAND(254, 340, 374, 43)
399 = NAND(255, 342, 375, 56)
404 = NAND(256, 344, 376, 69)
407 = NAND(257, 345, 377, 82)
411 = NAND(258, 346, 378, 95)
414 = NAND(259, 347, 379, 108)
415 = NOT(380)
416 = AND(381, 386, 393, 399, 404, 407, 411, 414)
417 = NOT(393)
418 = NOT(404)
419 = NOT(407)
420 = NOT(411)
421 = NOR(415, 416)
422 = NAND(386, 417)
425 = NAND(386, 393, 418, 399)
428 = NAND(399, 393, 419)
429 = NAND(386, 393, 407, 420)
430 = NAND(381, 386, 422, 399)
431 = NAND(381, 386, 425, 428)
432 = NAND(381, 422, 425, 429)

Parsing line: # c432
Parsing line: # 36 inputs
Parsing line: # 7 outputs
Parsing line: # 40 inverters
Parsing line: # 120 gates ( 4 ANDs + 119 NANDs + 19 NORs + 18 XORs )
Parsing line: 
Parsing line: INPUT(1)
Parsing line: INPUT(4)
Parsing line: INPUT(8)
Parsing line: INPUT(11)
Parsing line: INPUT(14)
Parsing line: INPUT(17)
Parsing line: INPUT(21)
Parsing line: INPUT(24)
Parsing line: INPUT(27)
Parsing line: INPUT(30)
Parsing line: INPUT(34)
Parsing line: INPUT(37)
Parsing line: INPUT(40)
Parsing line: INPUT(43)
Parsing line: INPUT(47)
Parsing line: INPUT(50)
Parsing line: INPUT(53)
Parsing line: INPUT(56)
Parsing line: INPUT(60)
Parsing line: INPUT(63)
Parsing line: INPUT(66)
Parsing line: INPUT(69)
Parsing line: INPUT(73)
Parsing line: INPUT(76)
Parsing line: INPUT(79)
Parsing line: INPUT(82)
Parsing line: INPUT(86)
Parsing line: INPUT(89)
Parsing line: INPUT(92)
Parsing line: INPUT(95)
Parsing line: INPUT(99)
Parsing line: INPUT(102)
Parsing line: INPUT(105)
Parsing line: INPUT(108)
Parsing line: INPUT(112)
Parsing line: INPUT(115)
Parsing line: 
Parsing line: OUTPUT(223)
Parsing line: OUTPUT(329)
Parsing line: OUTPUT(370)
Parsing line: OUTPUT(421)
Parsing line: OUTPUT(430)
Parsing line: OUTPUT(431)
Parsing line: OUTPUT(432)
Parsing line: 
Parsing line: 118 = NOT(1)
Parsing line: 119 = NOT(4)
Parsing line: 122 = NOT(11)
Parsing line: 123 = NOT(17)
Parsing line: 126 = NOT(24)
Parsing line: 127 = NOT(30)
Parsing line: 130 = NOT(37)
Parsing line: 131 = NOT(43)
Parsing line: 134 = NOT(50)
Parsing line: 135 = NOT(56)
Parsing line: 138 = NOT(63)
Parsing line: 139 = NOT(69)
Parsing line: 142 = NOT(76)
Parsing line: 143 = NOT(82)
Parsing line: 146 = NOT(89)
Parsing line: 147 = NOT(95)
Parsing line: 150 = NOT(102)
Parsing line: 151 = NOT(108)
Parsing line: 154 = NAND(118, 4)
Parsing line: 157 = NOR(8, 119)
Parsing line: 158 = NOR(14, 119)
Parsing line: 159 = NAND(122, 17)
Parsing line: 162 = NAND(126, 30)
Parsing line: 165 = NAND(130, 43)
Parsing line: 168 = NAND(134, 56)
Parsing line: 171 = NAND(138, 69)
Parsing line: 174 = NAND(142, 82)
Parsing line: 177 = NAND(146, 95)
Parsing line: 180 = NAND(150, 108)
Parsing line: 183 = NOR(21, 123)
Parsing line: 184 = NOR(27, 123)
Parsing line: 185 = NOR(34, 127)
Parsing line: 186 = NOR(40, 127)
Parsing line: 187 = NOR(47, 131)
Parsing line: 188 = NOR(53, 131)
Parsing line: 189 = NOR(60, 135)
Parsing line: 190 = NOR(66, 135)
Parsing line: 191 = NOR(73, 139)
Parsing line: 192 = NOR(79, 139)
Parsing line: 193 = NOR(86, 143)
Parsing line: 194 = NOR(92, 143)
Parsing line: 195 = NOR(99, 147)
Parsing line: 196 = NOR(105, 147)
Parsing line: 197 = NOR(112, 151)
Parsing line: 198 = NOR(115, 151)
Parsing line: 199 = AND(154, 159, 162, 165, 168, 171, 174, 177, 180)
Parsing line: 203 = NOT(199)
Parsing line: 213 = NOT(199)
Parsing line: 223 = NOT(199)
Parsing line: 224 = XOR(203, 154)
Parsing line: 227 = XOR(203, 159)
Parsing line: 230 = XOR(203, 162)
Parsing line: 233 = XOR(203, 165)
Parsing line: 236 = XOR(203, 168)
Parsing line: 239 = XOR(203, 171)
Parsing line: 242 = NAND(1, 213)
Parsing line: 243 = XOR(203, 174)
Parsing line: 246 = NAND(213, 11)
Parsing line: 247 = XOR(203, 177)
Parsing line: 250 = NAND(213, 24)
Parsing line: 251 = XOR(203, 180)
Parsing line: 254 = NAND(213, 37)
Parsing line: 255 = NAND(213, 50)
Parsing line: 256 = NAND(213, 63)
Parsing line: 257 = NAND(213, 76)
Parsing line: 258 = NAND(213, 89)
Parsing line: 259 = NAND(213, 102)
Parsing line: 260 = NAND(224, 157)
Parsing line: 263 = NAND(224, 158)
Parsing line: 264 = NAND(227, 183)
Parsing line: 267 = NAND(230, 185)
Parsing line: 270 = NAND(233, 187)
Parsing line: 273 = NAND(236, 189)
Parsing line: 276 = NAND(239, 191)
Parsing line: 279 = NAND(243, 193)
Parsing line: 282 = NAND(247, 195)
Parsing line: 285 = NAND(251, 197)
Parsing line: 288 = NAND(227, 184)
Parsing line: 289 = NAND(230, 186)
Parsing line: 290 = NAND(233, 188)
Parsing line: 291 = NAND(236, 190)
Parsing line: 292 = NAND(239, 192)
Parsing line: 293 = NAND(243, 194)
Parsing line: 294 = NAND(247, 196)
Parsing line: 295 = NAND(251, 198)
Parsing line: 296 = AND(260, 264, 267, 270, 273, 276, 279, 282, 285)
Parsing line: 300 = NOT(263)
Parsing line: 301 = NOT(288)
Parsing line: 302 = NOT(289)
Parsing line: 303 = NOT(290)
Parsing line: 304 = NOT(291)
Parsing line: 305 = NOT(292)
Parsing line: 306 = NOT(293)
Parsing line: 307 = NOT(294)
Parsing line: 308 = NOT(295)
Parsing line: 309 = NOT(296)
Parsing line: 319 = NOT(296)
Parsing line: 329 = NOT(296)
Parsing line: 330 = XOR(309, 260)
Parsing line: 331 = XOR(309, 264)
Parsing line: 332 = XOR(309, 267)
Parsing line: 333 = XOR(309, 270)
Parsing line: 334 = NAND(8, 319)
Parsing line: 335 = XOR(309, 273)
Parsing line: 336 = NAND(319, 21)
Parsing line: 337 = XOR(309, 276)
Parsing line: 338 = NAND(319, 34)
Parsing line: 339 = XOR(309, 279)
Parsing line: 340 = NAND(319, 47)
Parsing line: 341 = XOR(309, 282)
Parsing line: 342 = NAND(319, 60)
Parsing line: 343 = XOR(309, 285)
Parsing line: 344 = NAND(319, 73)
Parsing line: 345 = NAND(319, 86)
Parsing line: 346 = NAND(319, 99)
Parsing line: 347 = NAND(319, 112)
Parsing line: 348 = NAND(330, 300)
Parsing line: 349 = NAND(331, 301)
Parsing line: 350 = NAND(332, 302)
Parsing line: 351 = NAND(333, 303)
Parsing line: 352 = NAND(335, 304)
Parsing line: 353 = NAND(337, 305)
Parsing line: 354 = NAND(339, 306)
Parsing line: 355 = NAND(341, 307)
Parsing line: 356 = NAND(343, 308)
Parsing line: 357 = AND(348, 349, 350, 351, 352, 353, 354, 355, 356)
Parsing line: 360 = NOT(357)
Parsing line: 370 = NOT(357)
Parsing line: 371 = NAND(14, 360)
Parsing line: 372 = NAND(360, 27)
Parsing line: 373 = NAND(360, 40)
Parsing line: 374 = NAND(360, 53)
Parsing line: 375 = NAND(360, 66)
Parsing line: 376 = NAND(360, 79)
Parsing line: 377 = NAND(360, 92)
Parsing line: 378 = NAND(360, 105)
Parsing line: 379 = NAND(360, 115)
Parsing line: 380 = NAND(4, 242, 334, 371)
Parsing line: 381 = NAND(246, 336, 372, 17)
Parsing line: 386 = NAND(250, 338, 373, 30)
Parsing line: 393 = NAND(254, 340, 374, 43)
Parsing line: 399 = NAND(255, 342, 375, 56)
Parsing line: 404 = NAND(256, 344, 376, 69)
Parsing line: 407 = NAND(257, 345, 377, 82)
Parsing line: 411 = NAND(258, 346, 378, 95)
Parsing line: 414 = NAND(259, 347, 379, 108)
Parsing line: 415 = NOT(380)
Parsing line: 416 = AND(381, 386, 393, 399, 404, 407, 411, 414)
Parsing line: 417 = NOT(393)
Parsing line: 418 = NOT(404)
Parsing line: 419 = NOT(407)
Parsing line: 420 = NOT(411)
Parsing line: 421 = NOR(415, 416)
Parsing line: 422 = NAND(386, 417)
Parsing line: 425 = NAND(386, 393, 418, 399)
Parsing line: 428 = NAND(399, 393, 419)
Parsing line: 429 = NAND(386, 393, 407, 420)
Parsing line: 430 = NAND(381, 386, 422, 399)
Parsing line: 431 = NAND(381, 386, 425, 428)
Parsing line: 432 = NAND(381, 422, 425, 429)
Parsing line: # c432
Parsing line: # 36 inputs
Parsing line: # 7 outputs
Parsing line: # 40 inverters
Parsing line: # 120 gates ( 4 ANDs + 119 NANDs + 19 NORs + 18 XORs )
Parsing line: 
Parsing line: INPUT(1)
Parsing line: INPUT(4)
Parsing line: INPUT(8)
Parsing line: INPUT(11)
Parsing line: INPUT(14)
Parsing line: INPUT(17)
Parsing line: INPUT(21)
Parsing line: INPUT(24)
Parsing line: INPUT(27)
Parsing line: INPUT(30)
Parsing line: INPUT(34)
Parsing line: INPUT(37)
Parsing line: INPUT(40)
Parsing line: INPUT(43)
Parsing line: INPUT(47)
Parsing line: INPUT(50)
Parsing line: INPUT(53)
Parsing line: INPUT(56)
Parsing line: INPUT(60)
Parsing line: INPUT(63)
Parsing line: INPUT(66)
Parsing line: INPUT(69)
Parsing line: INPUT(73)
Parsing line: INPUT(76)
Parsing line: INPUT(79)
Parsing line: INPUT(82)
Parsing line: INPUT(86)
Parsing line: INPUT(89)
Parsing line: INPUT(92)
Parsing line: INPUT(95)
Parsing line: INPUT(99)
Parsing line: INPUT(102)
Parsing line: INPUT(105)
Parsing line: INPUT(108)
Parsing line: INPUT(112)
Parsing line: INPUT(115)
Parsing line: 
Parsing line: OUTPUT(223)
Parsing line: OUTPUT(329)
Parsing line: OUTPUT(370)
Parsing line: OUTPUT(421)
Parsing line: OUTPUT(430)
Parsing line: OUTPUT(431)
Parsing line: OUTPUT(432)
Parsing line: 
Parsing line: 118 = NOT(1)
Parsing line: 119 = NOT(4)
Parsing line: 122 = NOT(11)
Parsing line: 123 = NOT(17)
Parsing line: 126 = NOT(24)
Parsing line: 127 = NOT(30)
Parsing line: 130 = NOT(37)
Parsing line: 131 = NOT(43)
Parsing line: 134 = NOT(50)
Parsing line: 135 = NOT(56)
Parsing line: 138 = NOT(63)
Parsing line: 139 = NOT(69)
Parsing line: 142 = NOT(76)
Parsing line: 143 = NOT(82)
Parsing line: 146 = NOT(89)
Parsing line: 147 = NOT(95)
Parsing line: 150 = NOT(102)
Parsing line: 151 = NOT(108)
Parsing line: 154 = NAND(118, 4)
Parsing line: 157 = NOR(8, 119)
Parsing line: 158 = NOR(14, 119)
Parsing line: 159 = NAND(122, 17)
Parsing line: 162 = NAND(126, 30)
Parsing line: 165 = NAND(130, 43)
Parsing line: 168 = NAND(134, 56)
Parsing line: 171 = NAND(138, 69)
Parsing line: 174 = NAND(142, 82)
Parsing line: 177 = NAND(146, 95)
Parsing line: 180 = NAND(150, 108)
Parsing line: 183 = NOR(21, 123)
Parsing line: 184 = NOR(27, 123)
Parsing line: 185 = NOR(34, 127)
Parsing line: 186 = NOR(40, 127)
Parsing line: 187 = NOR(47, 131)
Parsing line: 188 = NOR(53, 131)
Parsing line: 189 = NOR(60, 135)
Parsing line: 190 = NOR(66, 135)
Parsing line: 191 = NOR(73, 139)
Parsing line: 192 = NOR(79, 139)
Parsing line: 193 = NOR(86, 143)
Parsing line: 194 = NOR(92, 143)
Parsing line: 195 = NOR(99, 147)
Parsing line: 196 = NOR(105, 147)
Parsing line: 197 = NOR(112, 151)
Parsing line: 198 = NOR(115, 151)
Parsing line: 199 = AND(154, 159, 162, 165, 168, 171, 174, 177, 180)
Parsing line: 203 = NOT(199)
Parsing line: 213 = NOT(199)
Parsing line: 223 = NOT(199)
Parsing line: 224 = XOR(203, 154)
Parsing line: 227 = XOR(203, 159)
Parsing line: 230 = XOR(203, 162)
Parsing line: 233 = XOR(203, 165)
Parsing line: 236 = XOR(203, 168)
Parsing line: 239 = XOR(203, 171)
Parsing line: 242 = NAND(1, 213)
Parsing line: 243 = XOR(203, 174)
Parsing line: 246 = NAND(213, 11)
Parsing line: 247 = XOR(203, 177)
Parsing line: 250 = NAND(213, 24)
Parsing line: 251 = XOR(203, 180)
Parsing line: 254 = NAND(213, 37)
Parsing line: 255 = NAND(213, 50)
Parsing line: 256 = NAND(213, 63)
Parsing line: 257 = NAND(213, 76)
Parsing line: 258 = NAND(213, 89)
Parsing line: 259 = NAND(213, 102)
Parsing line: 260 = NAND(224, 157)
Parsing line: 263 = NAND(224, 158)
Parsing line: 264 = NAND(227, 183)
Parsing line: 267 = NAND(230, 185)
Parsing line: 270 = NAND(233, 187)
Parsing line: 273 = NAND(236, 189)
Parsing line: 276 = NAND(239, 191)
Parsing line: 279 = NAND(243, 193)
Parsing line: 282 = NAND(247, 195)
Parsing line: 285 = NAND(251, 197)
Parsing line: 288 = NAND(227, 184)
Parsing line: 289 = NAND(230, 186)
Parsing line: 290 = NAND(233, 188)
Parsing line: 291 = NAND(236, 190)
Parsing line: 292 = NAND(239, 192)
Parsing line: 293 = NAND(243, 194)
Parsing line: 294 = NAND(247, 196)
Parsing line: 295 = NAND(251, 198)
Parsing line: 296 = AND(260, 264, 267, 270, 273, 276, 279, 282, 285)
Parsing line: 300 = NOT(263)
Parsing line: 301 = NOT(288)
Parsing line: 302 = NOT(289)
Parsing line: 303 = NOT(290)
Parsing line: 304 = NOT(291)
Parsing line: 305 = NOT(292)
Parsing line: 306 = NOT(293)
Parsing line: 307 = NOT(294)
Parsing line: 308 = NOT(295)
Parsing line: 309 = NOT(296)
Parsing line: 319 = NOT(296)
Parsing line: 329 = NOT(296)
Parsing line: 330 = XOR(309, 260)
Parsing line: 331 = XOR(309, 264)
Parsing line: 332 = XOR(309, 267)
Parsing line: 333 = XOR(309, 270)
Parsing line: 334 = NAND(8, 319)
Parsing line: 335 = XOR(309, 273)
Parsing line: 336 = NAND(319, 21)
Parsing line: 337 = XOR(309, 276)
Parsing line: 338 = NAND(319, 34)
Parsing line: 339 = XOR(309, 279)
Parsing line: 340 = NAND(319, 47)
Parsing line: 341 = XOR(309, 282)
Parsing line: 342 = NAND(319, 60)
Parsing line: 343 = XOR(309, 285)
Parsing line: 344 = NAND(319, 73)
Parsing line: 345 = NAND(319, 86)
Parsing line: 346 = NAND(319, 99)
Parsing line: 347 = NAND(319, 112)
Parsing line: 348 = NAND(330, 300)
Parsing line: 349 = NAND(331, 301)
Parsing line: 350 = NAND(332, 302)
Parsing line: 351 = NAND(333, 303)
Parsing line: 352 = NAND(335, 304)
Parsing line: 353 = NAND(337, 305)
Parsing line: 354 = NAND(339, 306)
Parsing line: 355 = NAND(341, 307)
Parsing line: 356 = NAND(343, 308)
Parsing line: 357 = AND(348, 349, 350, 351, 352, 353, 354, 355, 356)
Parsing line: 360 = NOT(357)
Parsing line: 370 = NOT(357)
Parsing line: 371 = NAND(14, 360)
Parsing line: 372 = NAND(360, 27)
Parsing line: 373 = NAND(360, 40)
Parsing line: 374 = NAND(360, 53)
Parsing line: 375 = NAND(360, 66)
Parsing line: 376 = NAND(360, 79)
Parsing line: 377 = NAND(360, 92)
Parsing line: 378 = NAND(360, 105)
Parsing line: 379 = NAND(360, 115)
Parsing line: 380 = NAND(4, 242, 334, 371)
Parsing line: 381 = NAND(246, 336, 372, 17)
Parsing line: 386 = NAND(250, 338, 373, 30)
Parsing line: 393 = NAND(254, 340, 374, 43)
Parsing line: 399 = NAND(255, 342, 375, 56)
Parsing line: 404 = NAND(256, 344, 376, 69)
Parsing line: 407 = NAND(257, 345, 377, 82)
Parsing line: 411 = NAND(258, 346, 378, 95)
Parsing line: 414 = NAND(259, 347, 379, 108)
Parsing line: 415 = NOT(380)
Parsing line: 416 = AND(381, 386, 393, 399, 404, 407, 411, 414)
Parsing line: 417 = NOT(393)
Parsing line: 418 = NOT(404)
Parsing line: 419 = NOT(407)
Parsing line: 420 = NOT(411)
Parsing line: 421 = NOR(415, 416)
Parsing line: 422 = NAND(386, 417)
Parsing line: 425 = NAND(386, 393, 418, 399)
Parsing line: 428 = NAND(399, 393, 419)
Parsing line: 429 = NAND(386, 393, 407, 420)
Parsing line: 430 = NAND(381, 386, 422, 399)
Parsing line: 431 = NAND(381, 386, 425, 428)
Parsing line: 432 = NAND(381, 422, 425, 429)
C432 Evaluation Outputs: [false, false, false, false, false, false, false]
]]></system-out>
  <system-err><![CDATA[]]></system-err>
</testsuite>
