<?xml version="1.0" encoding="UTF-8"?>
<testsuite name="com.example.faultsimulator.fault_simulator_application.FaultSimulatorApplicationTests" tests="1" skipped="0" failures="0" errors="0" timestamp="2024-12-15T19:25:33" hostname="DESKTOP-R8CA1QA" time="0.617">
  <properties/>
  <testcase name="contextLoads()" classname="com.example.faultsimulator.fault_simulator_application.FaultSimulatorApplicationTests" time="0.617"/>
  <system-out><![CDATA[21:25:28.499 [Test worker] INFO org.springframework.test.context.support.AnnotationConfigContextLoaderUtils -- Could not detect default configuration classes for test class [com.example.faultsimulator.fault_simulator_application.FaultSimulatorApplicationTests]: FaultSimulatorApplicationTests does not declare any static, non-private, non-final, nested classes annotated with @Configuration.
21:25:28.597 [Test worker] INFO org.springframework.boot.test.context.SpringBootTestContextBootstrapper -- Found @SpringBootConfiguration com.example.faultsimulator.fault_simulator_application.FaultSimulatorApplication for test class com.example.faultsimulator.fault_simulator_application.FaultSimulatorApplicationTests

  .   ____          _            __ _ _
 /\\ / ___'_ __ _ _(_)_ __  __ _ \ \ \ \
( ( )\___ | '_ | '_| | '_ \/ _` | \ \ \ \
 \\/  ___)| |_)| | | | | || (_| |  ) ) ) )
  '  |____| .__|_| |_|_| |_\__, | / / / /
 =========|_|==============|___/=/_/_/_/

 :: Spring Boot ::                (v3.3.5)

2024-12-15T21:25:29.008+02:00  INFO 20036 --- [fault-simulator] [    Test worker] c.e.f.f.FaultSimulatorApplicationTests   : Starting FaultSimulatorApplicationTests using Java 21.0.5 with PID 20036 (started by Mostafa Rammal in C:\Users\Mostafa Rammal\IdeaProjects\Digital_Integrated_Circuits_Fault_Simulator\Codebase\fault-simulator)
2024-12-15T21:25:29.009+02:00  INFO 20036 --- [fault-simulator] [    Test worker] c.e.f.f.FaultSimulatorApplicationTests   : No active profile set, falling back to 1 default profile: "default"
2024-12-15T21:25:29.879+02:00  INFO 20036 --- [fault-simulator] [    Test worker] .s.d.r.c.RepositoryConfigurationDelegate : Bootstrapping Spring Data JPA repositories in DEFAULT mode.
2024-12-15T21:25:29.902+02:00  INFO 20036 --- [fault-simulator] [    Test worker] .s.d.r.c.RepositoryConfigurationDelegate : Finished Spring Data repository scanning in 14 ms. Found 0 JPA repository interfaces.
2024-12-15T21:25:30.521+02:00  INFO 20036 --- [fault-simulator] [    Test worker] com.zaxxer.hikari.HikariDataSource       : HikariPool-1 - Starting...
2024-12-15T21:25:30.742+02:00  INFO 20036 --- [fault-simulator] [    Test worker] com.zaxxer.hikari.pool.HikariPool        : HikariPool-1 - Added connection conn0: url=jdbc:h2:~/test user=SA
2024-12-15T21:25:30.747+02:00  INFO 20036 --- [fault-simulator] [    Test worker] com.zaxxer.hikari.HikariDataSource       : HikariPool-1 - Start completed.
2024-12-15T21:25:30.807+02:00  INFO 20036 --- [fault-simulator] [    Test worker] o.hibernate.jpa.internal.util.LogHelper  : HHH000204: Processing PersistenceUnitInfo [name: default]
2024-12-15T21:25:30.879+02:00  INFO 20036 --- [fault-simulator] [    Test worker] org.hibernate.Version                    : HHH000412: Hibernate ORM core version 6.5.3.Final
2024-12-15T21:25:30.922+02:00  INFO 20036 --- [fault-simulator] [    Test worker] o.h.c.internal.RegionFactoryInitiator    : HHH000026: Second-level cache disabled
2024-12-15T21:25:31.232+02:00  INFO 20036 --- [fault-simulator] [    Test worker] o.s.o.j.p.SpringPersistenceUnitInfo      : No LoadTimeWeaver setup: ignoring JPA class transformer
2024-12-15T21:25:31.605+02:00  INFO 20036 --- [fault-simulator] [    Test worker] o.h.e.t.j.p.i.JtaPlatformInitiator       : HHH000489: No JTA platform available (set 'hibernate.transaction.jta.platform' to enable JTA platform integration)
2024-12-15T21:25:31.614+02:00  INFO 20036 --- [fault-simulator] [    Test worker] j.LocalContainerEntityManagerFactoryBean : Initialized JPA EntityManagerFactory for persistence unit 'default'
2024-12-15T21:25:31.876+02:00  WARN 20036 --- [fault-simulator] [    Test worker] JpaBaseConfiguration$JpaWebConfiguration : spring.jpa.open-in-view is enabled by default. Therefore, database queries may be performed during view rendering. Explicitly configure spring.jpa.open-in-view to disable this warning
2024-12-15T21:25:32.869+02:00  INFO 20036 --- [fault-simulator] [    Test worker] o.s.b.a.h2.H2ConsoleAutoConfiguration    : H2 console available at '/h2-console'. Database available at 'jdbc:h2:~/test'
2024-12-15T21:25:32.926+02:00  INFO 20036 --- [fault-simulator] [    Test worker] o.s.b.a.e.web.EndpointLinksResolver      : Exposing 1 endpoint beneath base path '/actuator'
2024-12-15T21:25:33.028+02:00  INFO 20036 --- [fault-simulator] [    Test worker] c.e.f.f.FaultSimulatorApplicationTests   : Started FaultSimulatorApplicationTests in 4.252 seconds (process running for 5.377)
]]></system-out>
  <system-err><![CDATA[WARNING: A Java agent has been loaded dynamically (C:\Users\Mostafa Rammal\.gradle\caches\modules-2\files-2.1\net.bytebuddy\byte-buddy-agent\1.14.19\154da3a65b4f4a909d3e5bdec55d1b2b4cbb6ce1\byte-buddy-agent-1.14.19.jar)
WARNING: If a serviceability tool is in use, please run with -XX:+EnableDynamicAgentLoading to hide this warning
WARNING: If a serviceability tool is not in use, please run with -Djdk.instrument.traceUsage for more information
WARNING: Dynamic loading of agents will be disallowed by default in a future release
]]></system-err>
</testsuite>
