<?xml version="1.0" encoding="UTF-8"?>
<testsuite name="com.example.faultsimulator.fault_simulator_service.CircuitFaultSimulatorServiceTest" tests="4" skipped="0" failures="0" errors="0" timestamp="2024-12-15T20:19:24" hostname="SAM" time="0.022">
  <properties/>
  <testcase name="evaluateCircuit()" classname="com.example.faultsimulator.fault_simulator_service.CircuitFaultSimulatorServiceTest" time="0.01"/>
  <testcase name="parseFile()" classname="com.example.faultsimulator.fault_simulator_service.CircuitFaultSimulatorServiceTest" time="0.003"/>
  <testcase name="parseC432File()" classname="com.example.faultsimulator.fault_simulator_service.CircuitFaultSimulatorServiceTest" time="0.005"/>
  <testcase name="evaluateC432Circuit()" classname="com.example.faultsimulator.fault_simulator_service.CircuitFaultSimulatorServiceTest" time="0.003"/>
  <system-out><![CDATA[Validating parsed circuit...
Primary Inputs: 5
Primary Outputs: 2
Total Gates: 6
Parsing completed successfully.
Validating parsed circuit...
Primary Inputs: 36
Primary Outputs: 7
Total Gates: 160
Parsing completed successfully.
Primary Inputs: 36
Primary Outputs: 7
Total Gates: 160
Validating parsed circuit...
Primary Inputs: 36
Primary Outputs: 7
Total Gates: 160
Parsing completed successfully.
C432 Circuit Outputs: [false, false, false, false, false, false, false]
]]></system-out>
  <system-err><![CDATA[]]></system-err>
</testsuite>
