<?xml version="1.0" encoding="UTF-8"?>
<testsuite name="com.example.faultsimulator.fault_simulator_service.CircuitFaultSimulatorServiceTest" tests="1" skipped="0" failures="0" errors="0" timestamp="2024-12-16T22:33:33" hostname="SAM" time="0.117">
  <properties/>
  <testcase name="testRunSerialFaultSimulation()" classname="com.example.faultsimulator.fault_simulator_service.CircuitFaultSimulatorServiceTest" time="0.117"/>
  <system-out><![CDATA[Parsing completed successfully.
Parsing completed successfully.
Running fault simulation for c17...
Connection 16 stuck=false, value=false
Connection 1 stuck=false, value=false
Connection 2 stuck=false, value=false
Connection 3 stuck=false, value=false
Connection 19 stuck=false, value=false
Connection 6 stuck=false, value=false
Connection 22 stuck=false, value=false
Connection 7 stuck=false, value=false
Connection 23 stuck=false, value=false
Connection 10 stuck=false, value=false
Connection 11 stuck=false, value=false
Input 1 = false
Input 2 = false
Input 3 = false
Input 6 = false
Input 7 = false
Connection 16 stuck=true, value=false
Input 1 = false
Input 2 = false
Input 3 = false
Input 6 = false
Input 7 = false
Connection 16 stuck=false, value=false
Connection 1 stuck=false, value=false
Connection 2 stuck=false, value=false
Connection 3 stuck=false, value=false
Connection 19 stuck=false, value=false
Connection 6 stuck=false, value=false
Connection 22 stuck=false, value=false
Connection 7 stuck=false, value=false
Connection 23 stuck=false, value=false
Connection 10 stuck=false, value=false
Connection 11 stuck=false, value=false
Input 1 = false
Input 2 = false
Input 3 = false
Input 6 = false
Input 7 = false
Connection 16 stuck=true, value=true
Input 1 = false
Input 2 = false
Input 3 = false
Input 6 = false
Input 7 = false
Connection 16 stuck=false, value=false
Connection 16 stuck=false, value=false
Connection 1 stuck=false, value=false
Connection 2 stuck=false, value=false
Connection 3 stuck=false, value=false
Connection 19 stuck=false, value=false
Connection 6 stuck=false, value=false
Connection 22 stuck=false, value=false
Connection 7 stuck=false, value=false
Connection 23 stuck=false, value=false
Connection 10 stuck=false, value=false
Connection 11 stuck=false, value=false
Input 1 = false
Input 2 = false
Input 3 = false
Input 6 = false
Input 7 = true
Connection 16 stuck=true, value=true
Input 1 = false
Input 2 = false
Input 3 = false
Input 6 = false
Input 7 = true
Connection 16 stuck=false, value=false
Connection 16 stuck=false, value=false
Connection 1 stuck=false, value=false
Connection 2 stuck=false, value=false
Connection 3 stuck=false, value=false
Connection 19 stuck=false, value=false
Connection 6 stuck=false, value=false
Connection 22 stuck=false, value=false
Connection 7 stuck=false, value=false
Connection 23 stuck=false, value=false
Connection 10 stuck=false, value=false
Connection 11 stuck=false, value=false
Input 1 = false
Input 2 = false
Input 3 = false
Input 6 = true
Input 7 = false
Connection 16 stuck=true, value=true
Input 1 = false
Input 2 = false
Input 3 = false
Input 6 = true
Input 7 = false
Connection 16 stuck=false, value=false
Connection 16 stuck=false, value=false
Connection 1 stuck=false, value=false
Connection 2 stuck=false, value=false
Connection 3 stuck=false, value=false
Connection 19 stuck=false, value=false
Connection 6 stuck=false, value=false
Connection 22 stuck=false, value=false
Connection 7 stuck=false, value=false
Connection 23 stuck=false, value=false
Connection 10 stuck=false, value=false
Connection 11 stuck=false, value=false
Input 1 = false
Input 2 = false
Input 3 = false
Input 6 = true
Input 7 = true
Connection 16 stuck=true, value=true
Input 1 = false
Input 2 = false
Input 3 = false
Input 6 = true
Input 7 = true
Connection 16 stuck=false, value=false
Connection 16 stuck=false, value=false
Connection 1 stuck=false, value=false
Connection 2 stuck=false, value=false
Connection 3 stuck=false, value=false
Connection 19 stuck=false, value=false
Connection 6 stuck=false, value=false
Connection 22 stuck=false, value=false
Connection 7 stuck=false, value=false
Connection 23 stuck=false, value=false
Connection 10 stuck=false, value=false
Connection 11 stuck=false, value=false
Input 1 = false
Input 2 = false
Input 3 = true
Input 6 = false
Input 7 = false
Connection 16 stuck=true, value=true
Input 1 = false
Input 2 = false
Input 3 = true
Input 6 = false
Input 7 = false
Connection 16 stuck=false, value=false
Connection 16 stuck=false, value=false
Connection 1 stuck=false, value=false
Connection 2 stuck=false, value=false
Connection 3 stuck=false, value=false
Connection 19 stuck=false, value=false
Connection 6 stuck=false, value=false
Connection 22 stuck=false, value=false
Connection 7 stuck=false, value=false
Connection 23 stuck=false, value=false
Connection 10 stuck=false, value=false
Connection 11 stuck=false, value=false
Input 1 = false
Input 2 = false
Input 3 = true
Input 6 = false
Input 7 = true
Connection 16 stuck=true, value=true
Input 1 = false
Input 2 = false
Input 3 = true
Input 6 = false
Input 7 = true
Connection 16 stuck=false, value=false
Connection 16 stuck=false, value=false
Connection 1 stuck=false, value=false
Connection 2 stuck=false, value=false
Connection 3 stuck=false, value=false
Connection 19 stuck=false, value=false
Connection 6 stuck=false, value=false
Connection 22 stuck=false, value=false
Connection 7 stuck=false, value=false
Connection 23 stuck=false, value=false
Connection 10 stuck=false, value=false
Connection 11 stuck=false, value=false
Input 1 = false
Input 2 = false
Input 3 = true
Input 6 = true
Input 7 = false
Connection 16 stuck=true, value=true
Input 1 = false
Input 2 = false
Input 3 = true
Input 6 = true
Input 7 = false
Connection 16 stuck=false, value=false
Connection 16 stuck=false, value=false
Connection 1 stuck=false, value=false
Connection 2 stuck=false, value=false
Connection 3 stuck=false, value=false
Connection 19 stuck=false, value=false
Connection 6 stuck=false, value=false
Connection 22 stuck=false, value=false
Connection 7 stuck=false, value=false
Connection 23 stuck=false, value=false
Connection 10 stuck=false, value=false
Connection 11 stuck=false, value=false
Input 1 = false
Input 2 = false
Input 3 = true
Input 6 = true
Input 7 = true
Connection 16 stuck=true, value=true
Input 1 = false
Input 2 = false
Input 3 = true
Input 6 = true
Input 7 = true
Connection 16 stuck=false, value=false
Connection 16 stuck=false, value=false
Connection 1 stuck=false, value=false
Connection 2 stuck=false, value=false
Connection 3 stuck=false, value=false
Connection 19 stuck=false, value=false
Connection 6 stuck=false, value=false
Connection 22 stuck=false, value=false
Connection 7 stuck=false, value=false
Connection 23 stuck=false, value=false
Connection 10 stuck=false, value=false
Connection 11 stuck=false, value=false
Input 1 = false
Input 2 = true
Input 3 = false
Input 6 = false
Input 7 = false
Connection 16 stuck=true, value=true
Input 1 = false
Input 2 = true
Input 3 = false
Input 6 = false
Input 7 = false
Connection 16 stuck=false, value=false
Connection 16 stuck=false, value=false
Connection 1 stuck=false, value=false
Connection 2 stuck=false, value=false
Connection 3 stuck=false, value=false
Connection 19 stuck=false, value=false
Connection 6 stuck=false, value=false
Connection 22 stuck=false, value=false
Connection 7 stuck=false, value=false
Connection 23 stuck=false, value=false
Connection 10 stuck=false, value=false
Connection 11 stuck=false, value=false
Input 1 = false
Input 2 = true
Input 3 = false
Input 6 = false
Input 7 = true
Connection 16 stuck=true, value=true
Input 1 = false
Input 2 = true
Input 3 = false
Input 6 = false
Input 7 = true
Connection 16 stuck=false, value=false
Connection 1 stuck=false, value=false
Connection 2 stuck=false, value=false
Connection 3 stuck=false, value=false
Connection 19 stuck=false, value=false
Connection 6 stuck=false, value=false
Connection 22 stuck=false, value=false
Connection 7 stuck=false, value=false
Connection 23 stuck=false, value=false
Connection 10 stuck=false, value=false
Connection 11 stuck=false, value=false
Input 1 = false
Input 2 = false
Input 3 = false
Input 6 = false
Input 7 = false
Connection 1 stuck=true, value=false
Input 1 = false
Input 2 = false
Input 3 = false
Input 6 = false
Input 7 = false
Connection 1 stuck=false, value=false
Connection 16 stuck=false, value=false
Connection 1 stuck=false, value=false
Connection 2 stuck=false, value=false
Connection 3 stuck=false, value=false
Connection 19 stuck=false, value=false
Connection 6 stuck=false, value=false
Connection 22 stuck=false, value=false
Connection 7 stuck=false, value=false
Connection 23 stuck=false, value=false
Connection 10 stuck=false, value=false
Connection 11 stuck=false, value=false
Input 1 = false
Input 2 = false
Input 3 = false
Input 6 = false
Input 7 = true
Connection 1 stuck=true, value=false
Input 1 = false
Input 2 = false
Input 3 = false
Input 6 = false
Input 7 = true
Connection 1 stuck=false, value=false
Connection 16 stuck=false, value=false
Connection 1 stuck=false, value=false
Connection 2 stuck=false, value=false
Connection 3 stuck=false, value=false
Connection 19 stuck=false, value=false
Connection 6 stuck=false, value=false
Connection 22 stuck=false, value=false
Connection 7 stuck=false, value=false
Connection 23 stuck=false, value=false
Connection 10 stuck=false, value=false
Connection 11 stuck=false, value=false
Input 1 = false
Input 2 = false
Input 3 = false
Input 6 = true
Input 7 = false
Connection 1 stuck=true, value=false
Input 1 = false
Input 2 = false
Input 3 = false
Input 6 = true
Input 7 = false
Connection 1 stuck=false, value=false
Connection 16 stuck=false, value=false
Connection 1 stuck=false, value=false
Connection 2 stuck=false, value=false
Connection 3 stuck=false, value=false
Connection 19 stuck=false, value=false
Connection 6 stuck=false, value=false
Connection 22 stuck=false, value=false
Connection 7 stuck=false, value=false
Connection 23 stuck=false, value=false
Connection 10 stuck=false, value=false
Connection 11 stuck=false, value=false
Input 1 = false
Input 2 = false
Input 3 = false
Input 6 = true
Input 7 = true
Connection 1 stuck=true, value=false
Input 1 = false
Input 2 = false
Input 3 = false
Input 6 = true
Input 7 = true
Connection 1 stuck=false, value=false
Connection 16 stuck=false, value=false
Connection 1 stuck=false, value=false
Connection 2 stuck=false, value=false
Connection 3 stuck=false, value=false
Connection 19 stuck=false, value=false
Connection 6 stuck=false, value=false
Connection 22 stuck=false, value=false
Connection 7 stuck=false, value=false
Connection 23 stuck=false, value=false
Connection 10 stuck=false, value=false
Connection 11 stuck=false, value=false
Input 1 = false
Input 2 = false
Input 3 = true
Input 6 = false
Input 7 = false
Connection 1 stuck=true, value=false
Input 1 = false
Input 2 = false
Input 3 = true
Input 6 = false
Input 7 = false
Connection 1 stuck=false, value=false
Connection 16 stuck=false, value=false
Connection 1 stuck=false, value=false
Connection 2 stuck=false, value=false
Connection 3 stuck=false, value=false
Connection 19 stuck=false, value=false
Connection 6 stuck=false, value=false
Connection 22 stuck=false, value=false
Connection 7 stuck=false, value=false
Connection 23 stuck=false, value=false
Connection 10 stuck=false, value=false
Connection 11 stuck=false, value=false
Input 1 = false
Input 2 = false
Input 3 = true
Input 6 = false
Input 7 = true
Connection 1 stuck=true, value=false
Input 1 = false
Input 2 = false
Input 3 = true
Input 6 = false
Input 7 = true
Connection 1 stuck=false, value=false
Connection 16 stuck=false, value=false
Connection 1 stuck=false, value=false
Connection 2 stuck=false, value=false
Connection 3 stuck=false, value=false
Connection 19 stuck=false, value=false
Connection 6 stuck=false, value=false
Connection 22 stuck=false, value=false
Connection 7 stuck=false, value=false
Connection 23 stuck=false, value=false
Connection 10 stuck=false, value=false
Connection 11 stuck=false, value=false
Input 1 = false
Input 2 = false
Input 3 = true
Input 6 = true
Input 7 = false
Connection 1 stuck=true, value=false
Input 1 = false
Input 2 = false
Input 3 = true
Input 6 = true
Input 7 = false
Connection 1 stuck=false, value=false
Connection 16 stuck=false, value=false
Connection 1 stuck=false, value=false
Connection 2 stuck=false, value=false
Connection 3 stuck=false, value=false
Connection 19 stuck=false, value=false
Connection 6 stuck=false, value=false
Connection 22 stuck=false, value=false
Connection 7 stuck=false, value=false
Connection 23 stuck=false, value=false
Connection 10 stuck=false, value=false
Connection 11 stuck=false, value=false
Input 1 = false
Input 2 = false
Input 3 = true
Input 6 = true
Input 7 = true
Connection 1 stuck=true, value=false
Input 1 = false
Input 2 = false
Input 3 = true
Input 6 = true
Input 7 = true
Connection 1 stuck=false, value=false
Connection 16 stuck=false, value=false
Connection 1 stuck=false, value=false
Connection 2 stuck=false, value=false
Connection 3 stuck=false, value=false
Connection 19 stuck=false, value=false
Connection 6 stuck=false, value=false
Connection 22 stuck=false, value=false
Connection 7 stuck=false, value=false
Connection 23 stuck=false, value=false
Connection 10 stuck=false, value=false
Connection 11 stuck=false, value=false
Input 1 = false
Input 2 = true
Input 3 = false
Input 6 = false
Input 7 = false
Connection 1 stuck=true, value=false
Input 1 = false
Input 2 = true
Input 3 = false
Input 6 = false
Input 7 = false
Connection 16 stuck=false, value=false
Connection 1 stuck=false, value=false
Connection 2 stuck=false, value=false
Connection 3 stuck=false, value=false
Connection 19 stuck=false, value=false
Connection 6 stuck=false, value=false
Connection 22 stuck=false, value=false
Connection 7 stuck=false, value=false
Connection 23 stuck=false, value=false
Connection 10 stuck=false, value=false
Connection 11 stuck=false, value=false
Input 1 = false
Input 2 = false
Input 3 = false
Input 6 = false
Input 7 = false
Connection 1 stuck=true, value=true
Input 1 = true
Input 2 = false
Input 3 = false
Input 6 = false
Input 7 = false
Connection 1 stuck=false, value=false
Connection 16 stuck=false, value=false
Connection 1 stuck=false, value=false
Connection 2 stuck=false, value=false
Connection 3 stuck=false, value=false
Connection 19 stuck=false, value=false
Connection 6 stuck=false, value=false
Connection 22 stuck=false, value=false
Connection 7 stuck=false, value=false
Connection 23 stuck=false, value=false
Connection 10 stuck=false, value=false
Connection 11 stuck=false, value=false
Input 1 = false
Input 2 = false
Input 3 = false
Input 6 = false
Input 7 = true
Connection 1 stuck=true, value=true
Input 1 = true
Input 2 = false
Input 3 = false
Input 6 = false
Input 7 = true
Connection 1 stuck=false, value=false
Connection 16 stuck=false, value=false
Connection 1 stuck=false, value=false
Connection 2 stuck=false, value=false
Connection 3 stuck=false, value=false
Connection 19 stuck=false, value=false
Connection 6 stuck=false, value=false
Connection 22 stuck=false, value=false
Connection 7 stuck=false, value=false
Connection 23 stuck=false, value=false
Connection 10 stuck=false, value=false
Connection 11 stuck=false, value=false
Input 1 = false
Input 2 = false
Input 3 = false
Input 6 = true
Input 7 = false
Connection 1 stuck=true, value=true
Input 1 = true
Input 2 = false
Input 3 = false
Input 6 = true
Input 7 = false
Connection 1 stuck=false, value=false
Connection 16 stuck=false, value=false
Connection 1 stuck=false, value=false
Connection 2 stuck=false, value=false
Connection 3 stuck=false, value=false
Connection 19 stuck=false, value=false
Connection 6 stuck=false, value=false
Connection 22 stuck=false, value=false
Connection 7 stuck=false, value=false
Connection 23 stuck=false, value=false
Connection 10 stuck=false, value=false
Connection 11 stuck=false, value=false
Input 1 = false
Input 2 = false
Input 3 = false
Input 6 = true
Input 7 = true
Connection 1 stuck=true, value=true
Input 1 = true
Input 2 = false
Input 3 = false
Input 6 = true
Input 7 = true
Connection 1 stuck=false, value=false
Connection 16 stuck=false, value=false
Connection 1 stuck=false, value=false
Connection 2 stuck=false, value=false
Connection 3 stuck=false, value=false
Connection 19 stuck=false, value=false
Connection 6 stuck=false, value=false
Connection 22 stuck=false, value=false
Connection 7 stuck=false, value=false
Connection 23 stuck=false, value=false
Connection 10 stuck=false, value=false
Connection 11 stuck=false, value=false
Input 1 = false
Input 2 = false
Input 3 = true
Input 6 = false
Input 7 = false
Connection 1 stuck=true, value=true
Input 1 = true
Input 2 = false
Input 3 = true
Input 6 = false
Input 7 = false
Connection 1 stuck=false, value=false
Connection 16 stuck=false, value=false
Connection 1 stuck=false, value=false
Connection 2 stuck=false, value=false
Connection 3 stuck=false, value=false
Connection 19 stuck=false, value=false
Connection 6 stuck=false, value=false
Connection 22 stuck=false, value=false
Connection 7 stuck=false, value=false
Connection 23 stuck=false, value=false
Connection 10 stuck=false, value=false
Connection 11 stuck=false, value=false
Input 1 = false
Input 2 = false
Input 3 = true
Input 6 = false
Input 7 = true
Connection 1 stuck=true, value=true
Input 1 = true
Input 2 = false
Input 3 = true
Input 6 = false
Input 7 = true
Connection 16 stuck=false, value=false
Connection 1 stuck=false, value=false
Connection 2 stuck=false, value=false
Connection 3 stuck=false, value=false
Connection 19 stuck=false, value=false
Connection 6 stuck=false, value=false
Connection 22 stuck=false, value=false
Connection 7 stuck=false, value=false
Connection 23 stuck=false, value=false
Connection 10 stuck=false, value=false
Connection 11 stuck=false, value=false
Input 1 = false
Input 2 = false
Input 3 = false
Input 6 = false
Input 7 = false
Connection 2 stuck=true, value=false
Input 1 = false
Input 2 = false
Input 3 = false
Input 6 = false
Input 7 = false
Connection 16 stuck=false, value=false
Connection 1 stuck=false, value=false
Connection 2 stuck=false, value=false
Connection 3 stuck=false, value=false
Connection 19 stuck=false, value=false
Connection 6 stuck=false, value=false
Connection 22 stuck=false, value=false
Connection 7 stuck=false, value=false
Connection 23 stuck=false, value=false
Connection 10 stuck=false, value=false
Connection 11 stuck=false, value=false
Input 1 = false
Input 2 = false
Input 3 = false
Input 6 = false
Input 7 = false
Connection 2 stuck=true, value=true
Input 1 = false
Input 2 = true
Input 3 = false
Input 6 = false
Input 7 = false
Connection 16 stuck=false, value=false
Connection 1 stuck=false, value=false
Connection 2 stuck=false, value=false
Connection 3 stuck=false, value=false
Connection 19 stuck=false, value=false
Connection 6 stuck=false, value=false
Connection 22 stuck=false, value=false
Connection 7 stuck=false, value=false
Connection 23 stuck=false, value=false
Connection 10 stuck=false, value=false
Connection 11 stuck=false, value=false
Input 1 = false
Input 2 = false
Input 3 = false
Input 6 = false
Input 7 = false
Connection 3 stuck=true, value=false
Input 1 = false
Input 2 = false
Input 3 = false
Input 6 = false
Input 7 = false
Connection 3 stuck=false, value=false
Connection 16 stuck=false, value=false
Connection 1 stuck=false, value=false
Connection 2 stuck=false, value=false
Connection 3 stuck=false, value=false
Connection 19 stuck=false, value=false
Connection 6 stuck=false, value=false
Connection 22 stuck=false, value=false
Connection 7 stuck=false, value=false
Connection 23 stuck=false, value=false
Connection 10 stuck=false, value=false
Connection 11 stuck=false, value=false
Input 1 = false
Input 2 = false
Input 3 = false
Input 6 = false
Input 7 = true
Connection 3 stuck=true, value=false
Input 1 = false
Input 2 = false
Input 3 = false
Input 6 = false
Input 7 = true
Connection 3 stuck=false, value=false
Connection 16 stuck=false, value=false
Connection 1 stuck=false, value=false
Connection 2 stuck=false, value=false
Connection 3 stuck=false, value=false
Connection 19 stuck=false, value=false
Connection 6 stuck=false, value=false
Connection 22 stuck=false, value=false
Connection 7 stuck=false, value=false
Connection 23 stuck=false, value=false
Connection 10 stuck=false, value=false
Connection 11 stuck=false, value=false
Input 1 = false
Input 2 = false
Input 3 = false
Input 6 = true
Input 7 = false
Connection 3 stuck=true, value=false
Input 1 = false
Input 2 = false
Input 3 = false
Input 6 = true
Input 7 = false
Connection 3 stuck=false, value=false
Connection 16 stuck=false, value=false
Connection 1 stuck=false, value=false
Connection 2 stuck=false, value=false
Connection 3 stuck=false, value=false
Connection 19 stuck=false, value=false
Connection 6 stuck=false, value=false
Connection 22 stuck=false, value=false
Connection 7 stuck=false, value=false
Connection 23 stuck=false, value=false
Connection 10 stuck=false, value=false
Connection 11 stuck=false, value=false
Input 1 = false
Input 2 = false
Input 3 = false
Input 6 = true
Input 7 = true
Connection 3 stuck=true, value=false
Input 1 = false
Input 2 = false
Input 3 = false
Input 6 = true
Input 7 = true
Connection 3 stuck=false, value=false
Connection 16 stuck=false, value=false
Connection 1 stuck=false, value=false
Connection 2 stuck=false, value=false
Connection 3 stuck=false, value=false
Connection 19 stuck=false, value=false
Connection 6 stuck=false, value=false
Connection 22 stuck=false, value=false
Connection 7 stuck=false, value=false
Connection 23 stuck=false, value=false
Connection 10 stuck=false, value=false
Connection 11 stuck=false, value=false
Input 1 = false
Input 2 = false
Input 3 = true
Input 6 = false
Input 7 = false
Connection 3 stuck=true, value=false
Input 1 = false
Input 2 = false
Input 3 = false
Input 6 = false
Input 7 = false
Connection 3 stuck=false, value=false
Connection 16 stuck=false, value=false
Connection 1 stuck=false, value=false
Connection 2 stuck=false, value=false
Connection 3 stuck=false, value=false
Connection 19 stuck=false, value=false
Connection 6 stuck=false, value=false
Connection 22 stuck=false, value=false
Connection 7 stuck=false, value=false
Connection 23 stuck=false, value=false
Connection 10 stuck=false, value=false
Connection 11 stuck=false, value=false
Input 1 = false
Input 2 = false
Input 3 = true
Input 6 = false
Input 7 = true
Connection 3 stuck=true, value=false
Input 1 = false
Input 2 = false
Input 3 = false
Input 6 = false
Input 7 = true
Connection 3 stuck=false, value=false
Connection 16 stuck=false, value=false
Connection 1 stuck=false, value=false
Connection 2 stuck=false, value=false
Connection 3 stuck=false, value=false
Connection 19 stuck=false, value=false
Connection 6 stuck=false, value=false
Connection 22 stuck=false, value=false
Connection 7 stuck=false, value=false
Connection 23 stuck=false, value=false
Connection 10 stuck=false, value=false
Connection 11 stuck=false, value=false
Input 1 = false
Input 2 = false
Input 3 = true
Input 6 = true
Input 7 = false
Connection 3 stuck=true, value=false
Input 1 = false
Input 2 = false
Input 3 = false
Input 6 = true
Input 7 = false
Connection 3 stuck=false, value=false
Connection 16 stuck=false, value=false
Connection 1 stuck=false, value=false
Connection 2 stuck=false, value=false
Connection 3 stuck=false, value=false
Connection 19 stuck=false, value=false
Connection 6 stuck=false, value=false
Connection 22 stuck=false, value=false
Connection 7 stuck=false, value=false
Connection 23 stuck=false, value=false
Connection 10 stuck=false, value=false
Connection 11 stuck=false, value=false
Input 1 = false
Input 2 = false
Input 3 = true
Input 6 = true
Input 7 = true
Connection 3 stuck=true, value=false
Input 1 = false
Input 2 = false
Input 3 = false
Input 6 = true
Input 7 = true
Connection 16 stuck=false, value=false
Connection 1 stuck=false, value=false
Connection 2 stuck=false, value=false
Connection 3 stuck=false, value=false
Connection 19 stuck=false, value=false
Connection 6 stuck=false, value=false
Connection 22 stuck=false, value=false
Connection 7 stuck=false, value=false
Connection 23 stuck=false, value=false
Connection 10 stuck=false, value=false
Connection 11 stuck=false, value=false
Input 1 = false
Input 2 = false
Input 3 = false
Input 6 = false
Input 7 = false
Connection 3 stuck=true, value=true
Input 1 = false
Input 2 = false
Input 3 = true
Input 6 = false
Input 7 = false
Connection 3 stuck=false, value=false
Connection 16 stuck=false, value=false
Connection 1 stuck=false, value=false
Connection 2 stuck=false, value=false
Connection 3 stuck=false, value=false
Connection 19 stuck=false, value=false
Connection 6 stuck=false, value=false
Connection 22 stuck=false, value=false
Connection 7 stuck=false, value=false
Connection 23 stuck=false, value=false
Connection 10 stuck=false, value=false
Connection 11 stuck=false, value=false
Input 1 = false
Input 2 = false
Input 3 = false
Input 6 = false
Input 7 = true
Connection 3 stuck=true, value=true
Input 1 = false
Input 2 = false
Input 3 = true
Input 6 = false
Input 7 = true
Connection 3 stuck=false, value=false
Connection 16 stuck=false, value=false
Connection 1 stuck=false, value=false
Connection 2 stuck=false, value=false
Connection 3 stuck=false, value=false
Connection 19 stuck=false, value=false
Connection 6 stuck=false, value=false
Connection 22 stuck=false, value=false
Connection 7 stuck=false, value=false
Connection 23 stuck=false, value=false
Connection 10 stuck=false, value=false
Connection 11 stuck=false, value=false
Input 1 = false
Input 2 = false
Input 3 = false
Input 6 = true
Input 7 = false
Connection 3 stuck=true, value=true
Input 1 = false
Input 2 = false
Input 3 = true
Input 6 = true
Input 7 = false
Connection 3 stuck=false, value=false
Connection 16 stuck=false, value=false
Connection 1 stuck=false, value=false
Connection 2 stuck=false, value=false
Connection 3 stuck=false, value=false
Connection 19 stuck=false, value=false
Connection 6 stuck=false, value=false
Connection 22 stuck=false, value=false
Connection 7 stuck=false, value=false
Connection 23 stuck=false, value=false
Connection 10 stuck=false, value=false
Connection 11 stuck=false, value=false
Input 1 = false
Input 2 = false
Input 3 = false
Input 6 = true
Input 7 = true
Connection 3 stuck=true, value=true
Input 1 = false
Input 2 = false
Input 3 = true
Input 6 = true
Input 7 = true
Connection 16 stuck=false, value=false
Connection 1 stuck=false, value=false
Connection 2 stuck=false, value=false
Connection 3 stuck=false, value=false
Connection 19 stuck=false, value=false
Connection 6 stuck=false, value=false
Connection 22 stuck=false, value=false
Connection 7 stuck=false, value=false
Connection 23 stuck=false, value=false
Connection 10 stuck=false, value=false
Connection 11 stuck=false, value=false
Input 1 = false
Input 2 = false
Input 3 = false
Input 6 = false
Input 7 = false
Connection 19 stuck=true, value=false
Input 1 = false
Input 2 = false
Input 3 = false
Input 6 = false
Input 7 = false
Connection 16 stuck=false, value=false
Connection 1 stuck=false, value=false
Connection 2 stuck=false, value=false
Connection 3 stuck=false, value=false
Connection 19 stuck=false, value=false
Connection 6 stuck=false, value=false
Connection 22 stuck=false, value=false
Connection 7 stuck=false, value=false
Connection 23 stuck=false, value=false
Connection 10 stuck=false, value=false
Connection 11 stuck=false, value=false
Input 1 = false
Input 2 = false
Input 3 = false
Input 6 = false
Input 7 = false
Connection 19 stuck=true, value=true
Input 1 = false
Input 2 = false
Input 3 = false
Input 6 = false
Input 7 = false
Connection 19 stuck=false, value=false
Connection 16 stuck=false, value=false
Connection 1 stuck=false, value=false
Connection 2 stuck=false, value=false
Connection 3 stuck=false, value=false
Connection 19 stuck=false, value=false
Connection 6 stuck=false, value=false
Connection 22 stuck=false, value=false
Connection 7 stuck=false, value=false
Connection 23 stuck=false, value=false
Connection 10 stuck=false, value=false
Connection 11 stuck=false, value=false
Input 1 = false
Input 2 = false
Input 3 = false
Input 6 = false
Input 7 = true
Connection 19 stuck=true, value=true
Input 1 = false
Input 2 = false
Input 3 = false
Input 6 = false
Input 7 = true
Connection 16 stuck=false, value=false
Connection 1 stuck=false, value=false
Connection 2 stuck=false, value=false
Connection 3 stuck=false, value=false
Connection 19 stuck=false, value=false
Connection 6 stuck=false, value=false
Connection 22 stuck=false, value=false
Connection 7 stuck=false, value=false
Connection 23 stuck=false, value=false
Connection 10 stuck=false, value=false
Connection 11 stuck=false, value=false
Input 1 = false
Input 2 = false
Input 3 = false
Input 6 = false
Input 7 = false
Connection 6 stuck=true, value=false
Input 1 = false
Input 2 = false
Input 3 = false
Input 6 = false
Input 7 = false
Connection 6 stuck=false, value=false
Connection 16 stuck=false, value=false
Connection 1 stuck=false, value=false
Connection 2 stuck=false, value=false
Connection 3 stuck=false, value=false
Connection 19 stuck=false, value=false
Connection 6 stuck=false, value=false
Connection 22 stuck=false, value=false
Connection 7 stuck=false, value=false
Connection 23 stuck=false, value=false
Connection 10 stuck=false, value=false
Connection 11 stuck=false, value=false
Input 1 = false
Input 2 = false
Input 3 = false
Input 6 = false
Input 7 = true
Connection 6 stuck=true, value=false
Input 1 = false
Input 2 = false
Input 3 = false
Input 6 = false
Input 7 = true
Connection 6 stuck=false, value=false
Connection 16 stuck=false, value=false
Connection 1 stuck=false, value=false
Connection 2 stuck=false, value=false
Connection 3 stuck=false, value=false
Connection 19 stuck=false, value=false
Connection 6 stuck=false, value=false
Connection 22 stuck=false, value=false
Connection 7 stuck=false, value=false
Connection 23 stuck=false, value=false
Connection 10 stuck=false, value=false
Connection 11 stuck=false, value=false
Input 1 = false
Input 2 = false
Input 3 = false
Input 6 = true
Input 7 = false
Connection 6 stuck=true, value=false
Input 1 = false
Input 2 = false
Input 3 = false
Input 6 = false
Input 7 = false
Connection 6 stuck=false, value=false
Connection 16 stuck=false, value=false
Connection 1 stuck=false, value=false
Connection 2 stuck=false, value=false
Connection 3 stuck=false, value=false
Connection 19 stuck=false, value=false
Connection 6 stuck=false, value=false
Connection 22 stuck=false, value=false
Connection 7 stuck=false, value=false
Connection 23 stuck=false, value=false
Connection 10 stuck=false, value=false
Connection 11 stuck=false, value=false
Input 1 = false
Input 2 = false
Input 3 = false
Input 6 = true
Input 7 = true
Connection 6 stuck=true, value=false
Input 1 = false
Input 2 = false
Input 3 = false
Input 6 = false
Input 7 = true
Connection 6 stuck=false, value=false
Connection 16 stuck=false, value=false
Connection 1 stuck=false, value=false
Connection 2 stuck=false, value=false
Connection 3 stuck=false, value=false
Connection 19 stuck=false, value=false
Connection 6 stuck=false, value=false
Connection 22 stuck=false, value=false
Connection 7 stuck=false, value=false
Connection 23 stuck=false, value=false
Connection 10 stuck=false, value=false
Connection 11 stuck=false, value=false
Input 1 = false
Input 2 = false
Input 3 = true
Input 6 = false
Input 7 = false
Connection 6 stuck=true, value=false
Input 1 = false
Input 2 = false
Input 3 = true
Input 6 = false
Input 7 = false
Connection 6 stuck=false, value=false
Connection 16 stuck=false, value=false
Connection 1 stuck=false, value=false
Connection 2 stuck=false, value=false
Connection 3 stuck=false, value=false
Connection 19 stuck=false, value=false
Connection 6 stuck=false, value=false
Connection 22 stuck=false, value=false
Connection 7 stuck=false, value=false
Connection 23 stuck=false, value=false
Connection 10 stuck=false, value=false
Connection 11 stuck=false, value=false
Input 1 = false
Input 2 = false
Input 3 = true
Input 6 = false
Input 7 = true
Connection 6 stuck=true, value=false
Input 1 = false
Input 2 = false
Input 3 = true
Input 6 = false
Input 7 = true
Connection 6 stuck=false, value=false
Connection 16 stuck=false, value=false
Connection 1 stuck=false, value=false
Connection 2 stuck=false, value=false
Connection 3 stuck=false, value=false
Connection 19 stuck=false, value=false
Connection 6 stuck=false, value=false
Connection 22 stuck=false, value=false
Connection 7 stuck=false, value=false
Connection 23 stuck=false, value=false
Connection 10 stuck=false, value=false
Connection 11 stuck=false, value=false
Input 1 = false
Input 2 = false
Input 3 = true
Input 6 = true
Input 7 = false
Connection 6 stuck=true, value=false
Input 1 = false
Input 2 = false
Input 3 = true
Input 6 = false
Input 7 = false
Connection 6 stuck=false, value=false
Connection 16 stuck=false, value=false
Connection 1 stuck=false, value=false
Connection 2 stuck=false, value=false
Connection 3 stuck=false, value=false
Connection 19 stuck=false, value=false
Connection 6 stuck=false, value=false
Connection 22 stuck=false, value=false
Connection 7 stuck=false, value=false
Connection 23 stuck=false, value=false
Connection 10 stuck=false, value=false
Connection 11 stuck=false, value=false
Input 1 = false
Input 2 = false
Input 3 = true
Input 6 = true
Input 7 = true
Connection 6 stuck=true, value=false
Input 1 = false
Input 2 = false
Input 3 = true
Input 6 = false
Input 7 = true
Connection 16 stuck=false, value=false
Connection 1 stuck=false, value=false
Connection 2 stuck=false, value=false
Connection 3 stuck=false, value=false
Connection 19 stuck=false, value=false
Connection 6 stuck=false, value=false
Connection 22 stuck=false, value=false
Connection 7 stuck=false, value=false
Connection 23 stuck=false, value=false
Connection 10 stuck=false, value=false
Connection 11 stuck=false, value=false
Input 1 = false
Input 2 = false
Input 3 = false
Input 6 = false
Input 7 = false
Connection 6 stuck=true, value=true
Input 1 = false
Input 2 = false
Input 3 = false
Input 6 = true
Input 7 = false
Connection 6 stuck=false, value=false
Connection 16 stuck=false, value=false
Connection 1 stuck=false, value=false
Connection 2 stuck=false, value=false
Connection 3 stuck=false, value=false
Connection 19 stuck=false, value=false
Connection 6 stuck=false, value=false
Connection 22 stuck=false, value=false
Connection 7 stuck=false, value=false
Connection 23 stuck=false, value=false
Connection 10 stuck=false, value=false
Connection 11 stuck=false, value=false
Input 1 = false
Input 2 = false
Input 3 = false
Input 6 = false
Input 7 = true
Connection 6 stuck=true, value=true
Input 1 = false
Input 2 = false
Input 3 = false
Input 6 = true
Input 7 = true
Connection 6 stuck=false, value=false
Connection 16 stuck=false, value=false
Connection 1 stuck=false, value=false
Connection 2 stuck=false, value=false
Connection 3 stuck=false, value=false
Connection 19 stuck=false, value=false
Connection 6 stuck=false, value=false
Connection 22 stuck=false, value=false
Connection 7 stuck=false, value=false
Connection 23 stuck=false, value=false
Connection 10 stuck=false, value=false
Connection 11 stuck=false, value=false
Input 1 = false
Input 2 = false
Input 3 = false
Input 6 = true
Input 7 = false
Connection 6 stuck=true, value=true
Input 1 = false
Input 2 = false
Input 3 = false
Input 6 = true
Input 7 = false
Connection 6 stuck=false, value=false
Connection 16 stuck=false, value=false
Connection 1 stuck=false, value=false
Connection 2 stuck=false, value=false
Connection 3 stuck=false, value=false
Connection 19 stuck=false, value=false
Connection 6 stuck=false, value=false
Connection 22 stuck=false, value=false
Connection 7 stuck=false, value=false
Connection 23 stuck=false, value=false
Connection 10 stuck=false, value=false
Connection 11 stuck=false, value=false
Input 1 = false
Input 2 = false
Input 3 = false
Input 6 = true
Input 7 = true
Connection 6 stuck=true, value=true
Input 1 = false
Input 2 = false
Input 3 = false
Input 6 = true
Input 7 = true
Connection 6 stuck=false, value=false
Connection 16 stuck=false, value=false
Connection 1 stuck=false, value=false
Connection 2 stuck=false, value=false
Connection 3 stuck=false, value=false
Connection 19 stuck=false, value=false
Connection 6 stuck=false, value=false
Connection 22 stuck=false, value=false
Connection 7 stuck=false, value=false
Connection 23 stuck=false, value=false
Connection 10 stuck=false, value=false
Connection 11 stuck=false, value=false
Input 1 = false
Input 2 = false
Input 3 = true
Input 6 = false
Input 7 = false
Connection 6 stuck=true, value=true
Input 1 = false
Input 2 = false
Input 3 = true
Input 6 = true
Input 7 = false
Connection 6 stuck=false, value=false
Connection 16 stuck=false, value=false
Connection 1 stuck=false, value=false
Connection 2 stuck=false, value=false
Connection 3 stuck=false, value=false
Connection 19 stuck=false, value=false
Connection 6 stuck=false, value=false
Connection 22 stuck=false, value=false
Connection 7 stuck=false, value=false
Connection 23 stuck=false, value=false
Connection 10 stuck=false, value=false
Connection 11 stuck=false, value=false
Input 1 = false
Input 2 = false
Input 3 = true
Input 6 = false
Input 7 = true
Connection 6 stuck=true, value=true
Input 1 = false
Input 2 = false
Input 3 = true
Input 6 = true
Input 7 = true
Connection 16 stuck=false, value=false
Connection 1 stuck=false, value=false
Connection 2 stuck=false, value=false
Connection 3 stuck=false, value=false
Connection 19 stuck=false, value=false
Connection 6 stuck=false, value=false
Connection 22 stuck=false, value=false
Connection 7 stuck=false, value=false
Connection 23 stuck=false, value=false
Connection 10 stuck=false, value=false
Connection 11 stuck=false, value=false
Input 1 = false
Input 2 = false
Input 3 = false
Input 6 = false
Input 7 = false
Connection 22 stuck=true, value=false
Input 1 = false
Input 2 = false
Input 3 = false
Input 6 = false
Input 7 = false
Connection 22 stuck=false, value=false
Connection 16 stuck=false, value=false
Connection 1 stuck=false, value=false
Connection 2 stuck=false, value=false
Connection 3 stuck=false, value=false
Connection 19 stuck=false, value=false
Connection 6 stuck=false, value=false
Connection 22 stuck=false, value=false
Connection 7 stuck=false, value=false
Connection 23 stuck=false, value=false
Connection 10 stuck=false, value=false
Connection 11 stuck=false, value=false
Input 1 = false
Input 2 = false
Input 3 = false
Input 6 = false
Input 7 = true
Connection 22 stuck=true, value=false
Input 1 = false
Input 2 = false
Input 3 = false
Input 6 = false
Input 7 = true
Connection 22 stuck=false, value=false
Connection 16 stuck=false, value=false
Connection 1 stuck=false, value=false
Connection 2 stuck=false, value=false
Connection 3 stuck=false, value=false
Connection 19 stuck=false, value=false
Connection 6 stuck=false, value=false
Connection 22 stuck=false, value=false
Connection 7 stuck=false, value=false
Connection 23 stuck=false, value=false
Connection 10 stuck=false, value=false
Connection 11 stuck=false, value=false
Input 1 = false
Input 2 = false
Input 3 = false
Input 6 = true
Input 7 = false
Connection 22 stuck=true, value=false
Input 1 = false
Input 2 = false
Input 3 = false
Input 6 = true
Input 7 = false
Connection 22 stuck=false, value=false
Connection 16 stuck=false, value=false
Connection 1 stuck=false, value=false
Connection 2 stuck=false, value=false
Connection 3 stuck=false, value=false
Connection 19 stuck=false, value=false
Connection 6 stuck=false, value=false
Connection 22 stuck=false, value=false
Connection 7 stuck=false, value=false
Connection 23 stuck=false, value=false
Connection 10 stuck=false, value=false
Connection 11 stuck=false, value=false
Input 1 = false
Input 2 = false
Input 3 = false
Input 6 = true
Input 7 = true
Connection 22 stuck=true, value=false
Input 1 = false
Input 2 = false
Input 3 = false
Input 6 = true
Input 7 = true
Connection 22 stuck=false, value=false
Connection 16 stuck=false, value=false
Connection 1 stuck=false, value=false
Connection 2 stuck=false, value=false
Connection 3 stuck=false, value=false
Connection 19 stuck=false, value=false
Connection 6 stuck=false, value=false
Connection 22 stuck=false, value=false
Connection 7 stuck=false, value=false
Connection 23 stuck=false, value=false
Connection 10 stuck=false, value=false
Connection 11 stuck=false, value=false
Input 1 = false
Input 2 = false
Input 3 = true
Input 6 = false
Input 7 = false
Connection 22 stuck=true, value=false
Input 1 = false
Input 2 = false
Input 3 = true
Input 6 = false
Input 7 = false
Connection 22 stuck=false, value=false
Connection 16 stuck=false, value=false
Connection 1 stuck=false, value=false
Connection 2 stuck=false, value=false
Connection 3 stuck=false, value=false
Connection 19 stuck=false, value=false
Connection 6 stuck=false, value=false
Connection 22 stuck=false, value=false
Connection 7 stuck=false, value=false
Connection 23 stuck=false, value=false
Connection 10 stuck=false, value=false
Connection 11 stuck=false, value=false
Input 1 = false
Input 2 = false
Input 3 = true
Input 6 = false
Input 7 = true
Connection 22 stuck=true, value=false
Input 1 = false
Input 2 = false
Input 3 = true
Input 6 = false
Input 7 = true
Connection 22 stuck=false, value=false
Connection 16 stuck=false, value=false
Connection 1 stuck=false, value=false
Connection 2 stuck=false, value=false
Connection 3 stuck=false, value=false
Connection 19 stuck=false, value=false
Connection 6 stuck=false, value=false
Connection 22 stuck=false, value=false
Connection 7 stuck=false, value=false
Connection 23 stuck=false, value=false
Connection 10 stuck=false, value=false
Connection 11 stuck=false, value=false
Input 1 = false
Input 2 = false
Input 3 = true
Input 6 = true
Input 7 = false
Connection 22 stuck=true, value=false
Input 1 = false
Input 2 = false
Input 3 = true
Input 6 = true
Input 7 = false
Connection 22 stuck=false, value=false
Connection 16 stuck=false, value=false
Connection 1 stuck=false, value=false
Connection 2 stuck=false, value=false
Connection 3 stuck=false, value=false
Connection 19 stuck=false, value=false
Connection 6 stuck=false, value=false
Connection 22 stuck=false, value=false
Connection 7 stuck=false, value=false
Connection 23 stuck=false, value=false
Connection 10 stuck=false, value=false
Connection 11 stuck=false, value=false
Input 1 = false
Input 2 = false
Input 3 = true
Input 6 = true
Input 7 = true
Connection 22 stuck=true, value=false
Input 1 = false
Input 2 = false
Input 3 = true
Input 6 = true
Input 7 = true
Connection 22 stuck=false, value=false
Connection 16 stuck=false, value=false
Connection 1 stuck=false, value=false
Connection 2 stuck=false, value=false
Connection 3 stuck=false, value=false
Connection 19 stuck=false, value=false
Connection 6 stuck=false, value=false
Connection 22 stuck=false, value=false
Connection 7 stuck=false, value=false
Connection 23 stuck=false, value=false
Connection 10 stuck=false, value=false
Connection 11 stuck=false, value=false
Input 1 = false
Input 2 = true
Input 3 = false
Input 6 = false
Input 7 = false
Connection 22 stuck=true, value=false
Input 1 = false
Input 2 = true
Input 3 = false
Input 6 = false
Input 7 = false
Connection 16 stuck=false, value=false
Connection 1 stuck=false, value=false
Connection 2 stuck=false, value=false
Connection 3 stuck=false, value=false
Connection 19 stuck=false, value=false
Connection 6 stuck=false, value=false
Connection 22 stuck=false, value=false
Connection 7 stuck=false, value=false
Connection 23 stuck=false, value=false
Connection 10 stuck=false, value=false
Connection 11 stuck=false, value=false
Input 1 = false
Input 2 = false
Input 3 = false
Input 6 = false
Input 7 = false
Connection 22 stuck=true, value=true
Input 1 = false
Input 2 = false
Input 3 = false
Input 6 = false
Input 7 = false
Connection 16 stuck=false, value=false
Connection 1 stuck=false, value=false
Connection 2 stuck=false, value=false
Connection 3 stuck=false, value=false
Connection 19 stuck=false, value=false
Connection 6 stuck=false, value=false
Connection 22 stuck=false, value=false
Connection 7 stuck=false, value=false
Connection 23 stuck=false, value=false
Connection 10 stuck=false, value=false
Connection 11 stuck=false, value=false
Input 1 = false
Input 2 = false
Input 3 = false
Input 6 = false
Input 7 = false
Connection 7 stuck=true, value=false
Input 1 = false
Input 2 = false
Input 3 = false
Input 6 = false
Input 7 = false
Connection 7 stuck=false, value=false
Connection 16 stuck=false, value=false
Connection 1 stuck=false, value=false
Connection 2 stuck=false, value=false
Connection 3 stuck=false, value=false
Connection 19 stuck=false, value=false
Connection 6 stuck=false, value=false
Connection 22 stuck=false, value=false
Connection 7 stuck=false, value=false
Connection 23 stuck=false, value=false
Connection 10 stuck=false, value=false
Connection 11 stuck=false, value=false
Input 1 = false
Input 2 = false
Input 3 = false
Input 6 = false
Input 7 = true
Connection 7 stuck=true, value=false
Input 1 = false
Input 2 = false
Input 3 = false
Input 6 = false
Input 7 = false
Connection 16 stuck=false, value=false
Connection 1 stuck=false, value=false
Connection 2 stuck=false, value=false
Connection 3 stuck=false, value=false
Connection 19 stuck=false, value=false
Connection 6 stuck=false, value=false
Connection 22 stuck=false, value=false
Connection 7 stuck=false, value=false
Connection 23 stuck=false, value=false
Connection 10 stuck=false, value=false
Connection 11 stuck=false, value=false
Input 1 = false
Input 2 = false
Input 3 = false
Input 6 = false
Input 7 = false
Connection 7 stuck=true, value=true
Input 1 = false
Input 2 = false
Input 3 = false
Input 6 = false
Input 7 = true
Connection 16 stuck=false, value=false
Connection 1 stuck=false, value=false
Connection 2 stuck=false, value=false
Connection 3 stuck=false, value=false
Connection 19 stuck=false, value=false
Connection 6 stuck=false, value=false
Connection 22 stuck=false, value=false
Connection 7 stuck=false, value=false
Connection 23 stuck=false, value=false
Connection 10 stuck=false, value=false
Connection 11 stuck=false, value=false
Input 1 = false
Input 2 = false
Input 3 = false
Input 6 = false
Input 7 = false
Connection 23 stuck=true, value=false
Input 1 = false
Input 2 = false
Input 3 = false
Input 6 = false
Input 7 = false
Connection 23 stuck=false, value=false
Connection 16 stuck=false, value=false
Connection 1 stuck=false, value=false
Connection 2 stuck=false, value=false
Connection 3 stuck=false, value=false
Connection 19 stuck=false, value=false
Connection 6 stuck=false, value=false
Connection 22 stuck=false, value=false
Connection 7 stuck=false, value=false
Connection 23 stuck=false, value=false
Connection 10 stuck=false, value=false
Connection 11 stuck=false, value=false
Input 1 = false
Input 2 = false
Input 3 = false
Input 6 = false
Input 7 = true
Connection 23 stuck=true, value=false
Input 1 = false
Input 2 = false
Input 3 = false
Input 6 = false
Input 7 = true
Connection 16 stuck=false, value=false
Connection 1 stuck=false, value=false
Connection 2 stuck=false, value=false
Connection 3 stuck=false, value=false
Connection 19 stuck=false, value=false
Connection 6 stuck=false, value=false
Connection 22 stuck=false, value=false
Connection 7 stuck=false, value=false
Connection 23 stuck=false, value=false
Connection 10 stuck=false, value=false
Connection 11 stuck=false, value=false
Input 1 = false
Input 2 = false
Input 3 = false
Input 6 = false
Input 7 = false
Connection 23 stuck=true, value=true
Input 1 = false
Input 2 = false
Input 3 = false
Input 6 = false
Input 7 = false
Connection 16 stuck=false, value=false
Connection 1 stuck=false, value=false
Connection 2 stuck=false, value=false
Connection 3 stuck=false, value=false
Connection 19 stuck=false, value=false
Connection 6 stuck=false, value=false
Connection 22 stuck=false, value=false
Connection 7 stuck=false, value=false
Connection 23 stuck=false, value=false
Connection 10 stuck=false, value=false
Connection 11 stuck=false, value=false
Input 1 = false
Input 2 = false
Input 3 = false
Input 6 = false
Input 7 = false
Connection 10 stuck=true, value=false
Input 1 = false
Input 2 = false
Input 3 = false
Input 6 = false
Input 7 = false
Connection 16 stuck=false, value=false
Connection 1 stuck=false, value=false
Connection 2 stuck=false, value=false
Connection 3 stuck=false, value=false
Connection 19 stuck=false, value=false
Connection 6 stuck=false, value=false
Connection 22 stuck=false, value=false
Connection 7 stuck=false, value=false
Connection 23 stuck=false, value=false
Connection 10 stuck=false, value=false
Connection 11 stuck=false, value=false
Input 1 = false
Input 2 = false
Input 3 = false
Input 6 = false
Input 7 = false
Connection 10 stuck=true, value=true
Input 1 = false
Input 2 = false
Input 3 = false
Input 6 = false
Input 7 = false
Connection 16 stuck=false, value=false
Connection 1 stuck=false, value=false
Connection 2 stuck=false, value=false
Connection 3 stuck=false, value=false
Connection 19 stuck=false, value=false
Connection 6 stuck=false, value=false
Connection 22 stuck=false, value=false
Connection 7 stuck=false, value=false
Connection 23 stuck=false, value=false
Connection 10 stuck=false, value=false
Connection 11 stuck=false, value=false
Input 1 = false
Input 2 = false
Input 3 = false
Input 6 = false
Input 7 = false
Connection 11 stuck=true, value=false
Input 1 = false
Input 2 = false
Input 3 = false
Input 6 = false
Input 7 = false
Connection 11 stuck=false, value=false
Connection 16 stuck=false, value=false
Connection 1 stuck=false, value=false
Connection 2 stuck=false, value=false
Connection 3 stuck=false, value=false
Connection 19 stuck=false, value=false
Connection 6 stuck=false, value=false
Connection 22 stuck=false, value=false
Connection 7 stuck=false, value=false
Connection 23 stuck=false, value=false
Connection 10 stuck=false, value=false
Connection 11 stuck=false, value=false
Input 1 = false
Input 2 = false
Input 3 = false
Input 6 = false
Input 7 = true
Connection 11 stuck=true, value=false
Input 1 = false
Input 2 = false
Input 3 = false
Input 6 = false
Input 7 = true
Connection 11 stuck=false, value=false
Connection 16 stuck=false, value=false
Connection 1 stuck=false, value=false
Connection 2 stuck=false, value=false
Connection 3 stuck=false, value=false
Connection 19 stuck=false, value=false
Connection 6 stuck=false, value=false
Connection 22 stuck=false, value=false
Connection 7 stuck=false, value=false
Connection 23 stuck=false, value=false
Connection 10 stuck=false, value=false
Connection 11 stuck=false, value=false
Input 1 = false
Input 2 = false
Input 3 = false
Input 6 = true
Input 7 = false
Connection 11 stuck=true, value=false
Input 1 = false
Input 2 = false
Input 3 = false
Input 6 = true
Input 7 = false
Connection 11 stuck=false, value=false
Connection 16 stuck=false, value=false
Connection 1 stuck=false, value=false
Connection 2 stuck=false, value=false
Connection 3 stuck=false, value=false
Connection 19 stuck=false, value=false
Connection 6 stuck=false, value=false
Connection 22 stuck=false, value=false
Connection 7 stuck=false, value=false
Connection 23 stuck=false, value=false
Connection 10 stuck=false, value=false
Connection 11 stuck=false, value=false
Input 1 = false
Input 2 = false
Input 3 = false
Input 6 = true
Input 7 = true
Connection 11 stuck=true, value=false
Input 1 = false
Input 2 = false
Input 3 = false
Input 6 = true
Input 7 = true
Connection 11 stuck=false, value=false
Connection 16 stuck=false, value=false
Connection 1 stuck=false, value=false
Connection 2 stuck=false, value=false
Connection 3 stuck=false, value=false
Connection 19 stuck=false, value=false
Connection 6 stuck=false, value=false
Connection 22 stuck=false, value=false
Connection 7 stuck=false, value=false
Connection 23 stuck=false, value=false
Connection 10 stuck=false, value=false
Connection 11 stuck=false, value=false
Input 1 = false
Input 2 = false
Input 3 = true
Input 6 = false
Input 7 = false
Connection 11 stuck=true, value=false
Input 1 = false
Input 2 = false
Input 3 = true
Input 6 = false
Input 7 = false
Connection 11 stuck=false, value=false
Connection 16 stuck=false, value=false
Connection 1 stuck=false, value=false
Connection 2 stuck=false, value=false
Connection 3 stuck=false, value=false
Connection 19 stuck=false, value=false
Connection 6 stuck=false, value=false
Connection 22 stuck=false, value=false
Connection 7 stuck=false, value=false
Connection 23 stuck=false, value=false
Connection 10 stuck=false, value=false
Connection 11 stuck=false, value=false
Input 1 = false
Input 2 = false
Input 3 = true
Input 6 = false
Input 7 = true
Connection 11 stuck=true, value=false
Input 1 = false
Input 2 = false
Input 3 = true
Input 6 = false
Input 7 = true
Connection 11 stuck=false, value=false
Connection 16 stuck=false, value=false
Connection 1 stuck=false, value=false
Connection 2 stuck=false, value=false
Connection 3 stuck=false, value=false
Connection 19 stuck=false, value=false
Connection 6 stuck=false, value=false
Connection 22 stuck=false, value=false
Connection 7 stuck=false, value=false
Connection 23 stuck=false, value=false
Connection 10 stuck=false, value=false
Connection 11 stuck=false, value=false
Input 1 = false
Input 2 = false
Input 3 = true
Input 6 = true
Input 7 = false
Connection 11 stuck=true, value=false
Input 1 = false
Input 2 = false
Input 3 = true
Input 6 = true
Input 7 = false
Connection 11 stuck=false, value=false
Connection 16 stuck=false, value=false
Connection 1 stuck=false, value=false
Connection 2 stuck=false, value=false
Connection 3 stuck=false, value=false
Connection 19 stuck=false, value=false
Connection 6 stuck=false, value=false
Connection 22 stuck=false, value=false
Connection 7 stuck=false, value=false
Connection 23 stuck=false, value=false
Connection 10 stuck=false, value=false
Connection 11 stuck=false, value=false
Input 1 = false
Input 2 = false
Input 3 = true
Input 6 = true
Input 7 = true
Connection 11 stuck=true, value=false
Input 1 = false
Input 2 = false
Input 3 = true
Input 6 = true
Input 7 = true
Connection 11 stuck=false, value=false
Connection 16 stuck=false, value=false
Connection 1 stuck=false, value=false
Connection 2 stuck=false, value=false
Connection 3 stuck=false, value=false
Connection 19 stuck=false, value=false
Connection 6 stuck=false, value=false
Connection 22 stuck=false, value=false
Connection 7 stuck=false, value=false
Connection 23 stuck=false, value=false
Connection 10 stuck=false, value=false
Connection 11 stuck=false, value=false
Input 1 = false
Input 2 = true
Input 3 = false
Input 6 = false
Input 7 = false
Connection 11 stuck=true, value=false
Input 1 = false
Input 2 = true
Input 3 = false
Input 6 = false
Input 7 = false
Connection 11 stuck=false, value=false
Connection 16 stuck=false, value=false
Connection 1 stuck=false, value=false
Connection 2 stuck=false, value=false
Connection 3 stuck=false, value=false
Connection 19 stuck=false, value=false
Connection 6 stuck=false, value=false
Connection 22 stuck=false, value=false
Connection 7 stuck=false, value=false
Connection 23 stuck=false, value=false
Connection 10 stuck=false, value=false
Connection 11 stuck=false, value=false
Input 1 = false
Input 2 = true
Input 3 = false
Input 6 = false
Input 7 = true
Connection 11 stuck=true, value=false
Input 1 = false
Input 2 = true
Input 3 = false
Input 6 = false
Input 7 = true
Connection 11 stuck=false, value=false
Connection 16 stuck=false, value=false
Connection 1 stuck=false, value=false
Connection 2 stuck=false, value=false
Connection 3 stuck=false, value=false
Connection 19 stuck=false, value=false
Connection 6 stuck=false, value=false
Connection 22 stuck=false, value=false
Connection 7 stuck=false, value=false
Connection 23 stuck=false, value=false
Connection 10 stuck=false, value=false
Connection 11 stuck=false, value=false
Input 1 = false
Input 2 = true
Input 3 = false
Input 6 = true
Input 7 = false
Connection 11 stuck=true, value=false
Input 1 = false
Input 2 = true
Input 3 = false
Input 6 = true
Input 7 = false
Connection 11 stuck=false, value=false
Connection 16 stuck=false, value=false
Connection 1 stuck=false, value=false
Connection 2 stuck=false, value=false
Connection 3 stuck=false, value=false
Connection 19 stuck=false, value=false
Connection 6 stuck=false, value=false
Connection 22 stuck=false, value=false
Connection 7 stuck=false, value=false
Connection 23 stuck=false, value=false
Connection 10 stuck=false, value=false
Connection 11 stuck=false, value=false
Input 1 = false
Input 2 = true
Input 3 = false
Input 6 = true
Input 7 = true
Connection 11 stuck=true, value=false
Input 1 = false
Input 2 = true
Input 3 = false
Input 6 = true
Input 7 = true
Connection 11 stuck=false, value=false
Connection 16 stuck=false, value=false
Connection 1 stuck=false, value=false
Connection 2 stuck=false, value=false
Connection 3 stuck=false, value=false
Connection 19 stuck=false, value=false
Connection 6 stuck=false, value=false
Connection 22 stuck=false, value=false
Connection 7 stuck=false, value=false
Connection 23 stuck=false, value=false
Connection 10 stuck=false, value=false
Connection 11 stuck=false, value=false
Input 1 = false
Input 2 = true
Input 3 = true
Input 6 = false
Input 7 = false
Connection 11 stuck=true, value=false
Input 1 = false
Input 2 = true
Input 3 = true
Input 6 = false
Input 7 = false
Connection 11 stuck=false, value=false
Connection 16 stuck=false, value=false
Connection 1 stuck=false, value=false
Connection 2 stuck=false, value=false
Connection 3 stuck=false, value=false
Connection 19 stuck=false, value=false
Connection 6 stuck=false, value=false
Connection 22 stuck=false, value=false
Connection 7 stuck=false, value=false
Connection 23 stuck=false, value=false
Connection 10 stuck=false, value=false
Connection 11 stuck=false, value=false
Input 1 = false
Input 2 = true
Input 3 = true
Input 6 = false
Input 7 = true
Connection 11 stuck=true, value=false
Input 1 = false
Input 2 = true
Input 3 = true
Input 6 = false
Input 7 = true
Connection 11 stuck=false, value=false
Connection 16 stuck=false, value=false
Connection 1 stuck=false, value=false
Connection 2 stuck=false, value=false
Connection 3 stuck=false, value=false
Connection 19 stuck=false, value=false
Connection 6 stuck=false, value=false
Connection 22 stuck=false, value=false
Connection 7 stuck=false, value=false
Connection 23 stuck=false, value=false
Connection 10 stuck=false, value=false
Connection 11 stuck=false, value=false
Input 1 = false
Input 2 = true
Input 3 = true
Input 6 = true
Input 7 = false
Connection 11 stuck=true, value=false
Input 1 = false
Input 2 = true
Input 3 = true
Input 6 = true
Input 7 = false
Connection 11 stuck=false, value=false
Connection 16 stuck=false, value=false
Connection 1 stuck=false, value=false
Connection 2 stuck=false, value=false
Connection 3 stuck=false, value=false
Connection 19 stuck=false, value=false
Connection 6 stuck=false, value=false
Connection 22 stuck=false, value=false
Connection 7 stuck=false, value=false
Connection 23 stuck=false, value=false
Connection 10 stuck=false, value=false
Connection 11 stuck=false, value=false
Input 1 = false
Input 2 = true
Input 3 = true
Input 6 = true
Input 7 = true
Connection 11 stuck=true, value=false
Input 1 = false
Input 2 = true
Input 3 = true
Input 6 = true
Input 7 = true
Connection 11 stuck=false, value=false
Connection 16 stuck=false, value=false
Connection 1 stuck=false, value=false
Connection 2 stuck=false, value=false
Connection 3 stuck=false, value=false
Connection 19 stuck=false, value=false
Connection 6 stuck=false, value=false
Connection 22 stuck=false, value=false
Connection 7 stuck=false, value=false
Connection 23 stuck=false, value=false
Connection 10 stuck=false, value=false
Connection 11 stuck=false, value=false
Input 1 = true
Input 2 = false
Input 3 = false
Input 6 = false
Input 7 = false
Connection 11 stuck=true, value=false
Input 1 = true
Input 2 = false
Input 3 = false
Input 6 = false
Input 7 = false
Connection 11 stuck=false, value=false
Connection 16 stuck=false, value=false
Connection 1 stuck=false, value=false
Connection 2 stuck=false, value=false
Connection 3 stuck=false, value=false
Connection 19 stuck=false, value=false
Connection 6 stuck=false, value=false
Connection 22 stuck=false, value=false
Connection 7 stuck=false, value=false
Connection 23 stuck=false, value=false
Connection 10 stuck=false, value=false
Connection 11 stuck=false, value=false
Input 1 = true
Input 2 = false
Input 3 = false
Input 6 = false
Input 7 = true
Connection 11 stuck=true, value=false
Input 1 = true
Input 2 = false
Input 3 = false
Input 6 = false
Input 7 = true
Connection 11 stuck=false, value=false
Connection 16 stuck=false, value=false
Connection 1 stuck=false, value=false
Connection 2 stuck=false, value=false
Connection 3 stuck=false, value=false
Connection 19 stuck=false, value=false
Connection 6 stuck=false, value=false
Connection 22 stuck=false, value=false
Connection 7 stuck=false, value=false
Connection 23 stuck=false, value=false
Connection 10 stuck=false, value=false
Connection 11 stuck=false, value=false
Input 1 = true
Input 2 = false
Input 3 = false
Input 6 = true
Input 7 = false
Connection 11 stuck=true, value=false
Input 1 = true
Input 2 = false
Input 3 = false
Input 6 = true
Input 7 = false
Connection 11 stuck=false, value=false
Connection 16 stuck=false, value=false
Connection 1 stuck=false, value=false
Connection 2 stuck=false, value=false
Connection 3 stuck=false, value=false
Connection 19 stuck=false, value=false
Connection 6 stuck=false, value=false
Connection 22 stuck=false, value=false
Connection 7 stuck=false, value=false
Connection 23 stuck=false, value=false
Connection 10 stuck=false, value=false
Connection 11 stuck=false, value=false
Input 1 = true
Input 2 = false
Input 3 = false
Input 6 = true
Input 7 = true
Connection 11 stuck=true, value=false
Input 1 = true
Input 2 = false
Input 3 = false
Input 6 = true
Input 7 = true
Connection 11 stuck=false, value=false
Connection 16 stuck=false, value=false
Connection 1 stuck=false, value=false
Connection 2 stuck=false, value=false
Connection 3 stuck=false, value=false
Connection 19 stuck=false, value=false
Connection 6 stuck=false, value=false
Connection 22 stuck=false, value=false
Connection 7 stuck=false, value=false
Connection 23 stuck=false, value=false
Connection 10 stuck=false, value=false
Connection 11 stuck=false, value=false
Input 1 = true
Input 2 = false
Input 3 = true
Input 6 = false
Input 7 = false
Connection 11 stuck=true, value=false
Input 1 = true
Input 2 = false
Input 3 = true
Input 6 = false
Input 7 = false
Connection 16 stuck=false, value=false
Connection 1 stuck=false, value=false
Connection 2 stuck=false, value=false
Connection 3 stuck=false, value=false
Connection 19 stuck=false, value=false
Connection 6 stuck=false, value=false
Connection 22 stuck=false, value=false
Connection 7 stuck=false, value=false
Connection 23 stuck=false, value=false
Connection 10 stuck=false, value=false
Connection 11 stuck=false, value=false
Input 1 = false
Input 2 = false
Input 3 = false
Input 6 = false
Input 7 = false
Connection 11 stuck=true, value=true
Input 1 = false
Input 2 = false
Input 3 = false
Input 6 = false
Input 7 = false
Simulation Time: 0.072 seconds
Fault Coverage: 100.0%
Total Faults: 22
Detected Faults: 22
Undetectable Faults: 0
Detected Faults and Outputs:
Node 22_StuckAt0 -> Outputs: [false, true]
Node 7_StuckAt1 -> Outputs: [false, true]
Node 22_StuckAt1 -> Outputs: [true, false]
Node 3_StuckAt1 -> Outputs: [false, true]
Node 6_StuckAt1 -> Outputs: [false, true]
Node 10_StuckAt1 -> Outputs: [false, false]
Node 6_StuckAt0 -> Outputs: [false, false]
Node 7_StuckAt0 -> Outputs: [false, false]
Node 3_StuckAt0 -> Outputs: [false, false]
Node 23_StuckAt1 -> Outputs: [false, true]
Node 10_StuckAt0 -> Outputs: [true, false]
Node 23_StuckAt0 -> Outputs: [false, false]
Node 2_StuckAt1 -> Outputs: [true, true]
Node 2_StuckAt0 -> Outputs: [false, false]
Node 11_StuckAt1 -> Outputs: [false, false]
Node 11_StuckAt0 -> Outputs: [true, false]
Node 19_StuckAt1 -> Outputs: [false, false]
Node 16_StuckAt1 -> Outputs: [false, true]
Node 19_StuckAt0 -> Outputs: [false, true]
Node 16_StuckAt0 -> Outputs: [true, true]
Node 1_StuckAt1 -> Outputs: [false, true]
Node 1_StuckAt0 -> Outputs: [true, true]
Fault Simulation Completed.
]]></system-out>
  <system-err><![CDATA[]]></system-err>
</testsuite>
