<?xml version="1.0" encoding="UTF-8"?>
<testsuite name="com.example.faultsimulator.fault_simulator_service.CircuitFaultSimulatorServiceTest" tests="7" skipped="0" failures="0" errors="0" timestamp="2024-12-16T21:51:06" hostname="DESKTOP-R8CA1QA" time="0.107">
  <properties/>
  <testcase name="evaluateCircuit()" classname="com.example.faultsimulator.fault_simulator_service.CircuitFaultSimulatorServiceTest" time="0.008"/>
  <testcase name="parseFile()" classname="com.example.faultsimulator.fault_simulator_service.CircuitFaultSimulatorServiceTest" time="0.002"/>
  <testcase name="testRunFaultSimulation()" classname="com.example.faultsimulator.fault_simulator_service.CircuitFaultSimulatorServiceTest" time="0.075"/>
  <testcase name="parseC432File()" classname="com.example.faultsimulator.fault_simulator_service.CircuitFaultSimulatorServiceTest" time="0.006"/>
  <testcase name="testEvaluateFaultFreeCircuit()" classname="com.example.faultsimulator.fault_simulator_service.CircuitFaultSimulatorServiceTest" time="0.002"/>
  <testcase name="evaluateC432Circuit()" classname="com.example.faultsimulator.fault_simulator_service.CircuitFaultSimulatorServiceTest" time="0.006"/>
  <testcase name="testGenerateFaultList()" classname="com.example.faultsimulator.fault_simulator_service.CircuitFaultSimulatorServiceTest" time="0.003"/>
  <system-out><![CDATA[Parsing completed successfully.
Input 1 = true
Input 2 = false
Parsing completed successfully.
Parsing completed successfully.
Parsing completed successfully.
Parsing completed successfully.
Running fault simulation for c17...
Connection 16 stuck=false, value=false
Connection 1 stuck=false, value=false
Connection 2 stuck=false, value=false
Connection 3 stuck=false, value=false
Connection 19 stuck=false, value=false
Connection 6 stuck=false, value=false
Connection 22 stuck=false, value=false
Connection 7 stuck=false, value=false
Connection 23 stuck=false, value=false
Connection 10 stuck=false, value=false
Connection 11 stuck=false, value=false
Input 1 = false
Input 2 = false
Input 3 = false
Input 6 = false
Input 7 = false
Connection 16 stuck=true, value=false
Input 1 = false
Input 2 = false
Input 3 = false
Input 6 = false
Input 7 = false
Connection 16 stuck=false, value=false
Connection 1 stuck=false, value=false
Connection 2 stuck=false, value=false
Connection 3 stuck=false, value=false
Connection 19 stuck=false, value=false
Connection 6 stuck=false, value=false
Connection 22 stuck=false, value=false
Connection 7 stuck=false, value=false
Connection 23 stuck=false, value=false
Connection 10 stuck=false, value=false
Connection 11 stuck=false, value=false
Input 1 = false
Input 2 = false
Input 3 = false
Input 6 = false
Input 7 = false
Connection 16 stuck=true, value=true
Input 1 = false
Input 2 = false
Input 3 = false
Input 6 = false
Input 7 = false
Connection 16 stuck=false, value=false
Connection 16 stuck=false, value=false
Connection 1 stuck=false, value=false
Connection 2 stuck=false, value=false
Connection 3 stuck=false, value=false
Connection 19 stuck=false, value=false
Connection 6 stuck=false, value=false
Connection 22 stuck=false, value=false
Connection 7 stuck=false, value=false
Connection 23 stuck=false, value=false
Connection 10 stuck=false, value=false
Connection 11 stuck=false, value=false
Input 1 = false
Input 2 = false
Input 3 = false
Input 6 = false
Input 7 = true
Connection 16 stuck=true, value=true
Input 1 = false
Input 2 = false
Input 3 = false
Input 6 = false
Input 7 = true
Connection 16 stuck=false, value=false
Connection 16 stuck=false, value=false
Connection 1 stuck=false, value=false
Connection 2 stuck=false, value=false
Connection 3 stuck=false, value=false
Connection 19 stuck=false, value=false
Connection 6 stuck=false, value=false
Connection 22 stuck=false, value=false
Connection 7 stuck=false, value=false
Connection 23 stuck=false, value=false
Connection 10 stuck=false, value=false
Connection 11 stuck=false, value=false
Input 1 = false
Input 2 = false
Input 3 = false
Input 6 = true
Input 7 = false
Connection 16 stuck=true, value=true
Input 1 = false
Input 2 = false
Input 3 = false
Input 6 = true
Input 7 = false
Connection 16 stuck=false, value=false
Connection 16 stuck=false, value=false
Connection 1 stuck=false, value=false
Connection 2 stuck=false, value=false
Connection 3 stuck=false, value=false
Connection 19 stuck=false, value=false
Connection 6 stuck=false, value=false
Connection 22 stuck=false, value=false
Connection 7 stuck=false, value=false
Connection 23 stuck=false, value=false
Connection 10 stuck=false, value=false
Connection 11 stuck=false, value=false
Input 1 = false
Input 2 = false
Input 3 = false
Input 6 = true
Input 7 = true
Connection 16 stuck=true, value=true
Input 1 = false
Input 2 = false
Input 3 = false
Input 6 = true
Input 7 = true
Connection 16 stuck=false, value=false
Connection 16 stuck=false, value=false
Connection 1 stuck=false, value=false
Connection 2 stuck=false, value=false
Connection 3 stuck=false, value=false
Connection 19 stuck=false, value=false
Connection 6 stuck=false, value=false
Connection 22 stuck=false, value=false
Connection 7 stuck=false, value=false
Connection 23 stuck=false, value=false
Connection 10 stuck=false, value=false
Connection 11 stuck=false, value=false
Input 1 = false
Input 2 = false
Input 3 = true
Input 6 = false
Input 7 = false
Connection 16 stuck=true, value=true
Input 1 = false
Input 2 = false
Input 3 = true
Input 6 = false
Input 7 = false
Connection 16 stuck=false, value=false
Connection 16 stuck=false, value=false
Connection 1 stuck=false, value=false
Connection 2 stuck=false, value=false
Connection 3 stuck=false, value=false
Connection 19 stuck=false, value=false
Connection 6 stuck=false, value=false
Connection 22 stuck=false, value=false
Connection 7 stuck=false, value=false
Connection 23 stuck=false, value=false
Connection 10 stuck=false, value=false
Connection 11 stuck=false, value=false
Input 1 = false
Input 2 = false
Input 3 = true
Input 6 = false
Input 7 = true
Connection 16 stuck=true, value=true
Input 1 = false
Input 2 = false
Input 3 = true
Input 6 = false
Input 7 = true
Connection 16 stuck=false, value=false
Connection 16 stuck=false, value=false
Connection 1 stuck=false, value=false
Connection 2 stuck=false, value=false
Connection 3 stuck=false, value=false
Connection 19 stuck=false, value=false
Connection 6 stuck=false, value=false
Connection 22 stuck=false, value=false
Connection 7 stuck=false, value=false
Connection 23 stuck=false, value=false
Connection 10 stuck=false, value=false
Connection 11 stuck=false, value=false
Input 1 = false
Input 2 = false
Input 3 = true
Input 6 = true
Input 7 = false
Connection 16 stuck=true, value=true
Input 1 = false
Input 2 = false
Input 3 = true
Input 6 = true
Input 7 = false
Connection 16 stuck=false, value=false
Connection 16 stuck=false, value=false
Connection 1 stuck=false, value=false
Connection 2 stuck=false, value=false
Connection 3 stuck=false, value=false
Connection 19 stuck=false, value=false
Connection 6 stuck=false, value=false
Connection 22 stuck=false, value=false
Connection 7 stuck=false, value=false
Connection 23 stuck=false, value=false
Connection 10 stuck=false, value=false
Connection 11 stuck=false, value=false
Input 1 = false
Input 2 = false
Input 3 = true
Input 6 = true
Input 7 = true
Connection 16 stuck=true, value=true
Input 1 = false
Input 2 = false
Input 3 = true
Input 6 = true
Input 7 = true
Connection 16 stuck=false, value=false
Connection 16 stuck=false, value=false
Connection 1 stuck=false, value=false
Connection 2 stuck=false, value=false
Connection 3 stuck=false, value=false
Connection 19 stuck=false, value=false
Connection 6 stuck=false, value=false
Connection 22 stuck=false, value=false
Connection 7 stuck=false, value=false
Connection 23 stuck=false, value=false
Connection 10 stuck=false, value=false
Connection 11 stuck=false, value=false
Input 1 = false
Input 2 = true
Input 3 = false
Input 6 = false
Input 7 = false
Connection 16 stuck=true, value=true
Input 1 = false
Input 2 = true
Input 3 = false
Input 6 = false
Input 7 = false
Connection 16 stuck=false, value=false
Connection 16 stuck=false, value=false
Connection 1 stuck=false, value=false
Connection 2 stuck=false, value=false
Connection 3 stuck=false, value=false
Connection 19 stuck=false, value=false
Connection 6 stuck=false, value=false
Connection 22 stuck=false, value=false
Connection 7 stuck=false, value=false
Connection 23 stuck=false, value=false
Connection 10 stuck=false, value=false
Connection 11 stuck=false, value=false
Input 1 = false
Input 2 = true
Input 3 = false
Input 6 = false
Input 7 = true
Connection 16 stuck=true, value=true
Input 1 = false
Input 2 = true
Input 3 = false
Input 6 = false
Input 7 = true
Connection 16 stuck=false, value=false
Connection 1 stuck=false, value=false
Connection 2 stuck=false, value=false
Connection 3 stuck=false, value=false
Connection 19 stuck=false, value=false
Connection 6 stuck=false, value=false
Connection 22 stuck=false, value=false
Connection 7 stuck=false, value=false
Connection 23 stuck=false, value=false
Connection 10 stuck=false, value=false
Connection 11 stuck=false, value=false
Input 1 = false
Input 2 = false
Input 3 = false
Input 6 = false
Input 7 = false
Connection 1 stuck=true, value=false
Input 1 = false
Input 2 = false
Input 3 = false
Input 6 = false
Input 7 = false
Connection 1 stuck=false, value=false
Connection 16 stuck=false, value=false
Connection 1 stuck=false, value=false
Connection 2 stuck=false, value=false
Connection 3 stuck=false, value=false
Connection 19 stuck=false, value=false
Connection 6 stuck=false, value=false
Connection 22 stuck=false, value=false
Connection 7 stuck=false, value=false
Connection 23 stuck=false, value=false
Connection 10 stuck=false, value=false
Connection 11 stuck=false, value=false
Input 1 = false
Input 2 = false
Input 3 = false
Input 6 = false
Input 7 = true
Connection 1 stuck=true, value=false
Input 1 = false
Input 2 = false
Input 3 = false
Input 6 = false
Input 7 = true
Connection 1 stuck=false, value=false
Connection 16 stuck=false, value=false
Connection 1 stuck=false, value=false
Connection 2 stuck=false, value=false
Connection 3 stuck=false, value=false
Connection 19 stuck=false, value=false
Connection 6 stuck=false, value=false
Connection 22 stuck=false, value=false
Connection 7 stuck=false, value=false
Connection 23 stuck=false, value=false
Connection 10 stuck=false, value=false
Connection 11 stuck=false, value=false
Input 1 = false
Input 2 = false
Input 3 = false
Input 6 = true
Input 7 = false
Connection 1 stuck=true, value=false
Input 1 = false
Input 2 = false
Input 3 = false
Input 6 = true
Input 7 = false
Connection 1 stuck=false, value=false
Connection 16 stuck=false, value=false
Connection 1 stuck=false, value=false
Connection 2 stuck=false, value=false
Connection 3 stuck=false, value=false
Connection 19 stuck=false, value=false
Connection 6 stuck=false, value=false
Connection 22 stuck=false, value=false
Connection 7 stuck=false, value=false
Connection 23 stuck=false, value=false
Connection 10 stuck=false, value=false
Connection 11 stuck=false, value=false
Input 1 = false
Input 2 = false
Input 3 = false
Input 6 = true
Input 7 = true
Connection 1 stuck=true, value=false
Input 1 = false
Input 2 = false
Input 3 = false
Input 6 = true
Input 7 = true
Connection 1 stuck=false, value=false
Connection 16 stuck=false, value=false
Connection 1 stuck=false, value=false
Connection 2 stuck=false, value=false
Connection 3 stuck=false, value=false
Connection 19 stuck=false, value=false
Connection 6 stuck=false, value=false
Connection 22 stuck=false, value=false
Connection 7 stuck=false, value=false
Connection 23 stuck=false, value=false
Connection 10 stuck=false, value=false
Connection 11 stuck=false, value=false
Input 1 = false
Input 2 = false
Input 3 = true
Input 6 = false
Input 7 = false
Connection 1 stuck=true, value=false
Input 1 = false
Input 2 = false
Input 3 = true
Input 6 = false
Input 7 = false
Connection 1 stuck=false, value=false
Connection 16 stuck=false, value=false
Connection 1 stuck=false, value=false
Connection 2 stuck=false, value=false
Connection 3 stuck=false, value=false
Connection 19 stuck=false, value=false
Connection 6 stuck=false, value=false
Connection 22 stuck=false, value=false
Connection 7 stuck=false, value=false
Connection 23 stuck=false, value=false
Connection 10 stuck=false, value=false
Connection 11 stuck=false, value=false
Input 1 = false
Input 2 = false
Input 3 = true
Input 6 = false
Input 7 = true
Connection 1 stuck=true, value=false
Input 1 = false
Input 2 = false
Input 3 = true
Input 6 = false
Input 7 = true
Connection 1 stuck=false, value=false
Connection 16 stuck=false, value=false
Connection 1 stuck=false, value=false
Connection 2 stuck=false, value=false
Connection 3 stuck=false, value=false
Connection 19 stuck=false, value=false
Connection 6 stuck=false, value=false
Connection 22 stuck=false, value=false
Connection 7 stuck=false, value=false
Connection 23 stuck=false, value=false
Connection 10 stuck=false, value=false
Connection 11 stuck=false, value=false
Input 1 = false
Input 2 = false
Input 3 = true
Input 6 = true
Input 7 = false
Connection 1 stuck=true, value=false
Input 1 = false
Input 2 = false
Input 3 = true
Input 6 = true
Input 7 = false
Connection 1 stuck=false, value=false
Connection 16 stuck=false, value=false
Connection 1 stuck=false, value=false
Connection 2 stuck=false, value=false
Connection 3 stuck=false, value=false
Connection 19 stuck=false, value=false
Connection 6 stuck=false, value=false
Connection 22 stuck=false, value=false
Connection 7 stuck=false, value=false
Connection 23 stuck=false, value=false
Connection 10 stuck=false, value=false
Connection 11 stuck=false, value=false
Input 1 = false
Input 2 = false
Input 3 = true
Input 6 = true
Input 7 = true
Connection 1 stuck=true, value=false
Input 1 = false
Input 2 = false
Input 3 = true
Input 6 = true
Input 7 = true
Connection 1 stuck=false, value=false
Connection 16 stuck=false, value=false
Connection 1 stuck=false, value=false
Connection 2 stuck=false, value=false
Connection 3 stuck=false, value=false
Connection 19 stuck=false, value=false
Connection 6 stuck=false, value=false
Connection 22 stuck=false, value=false
Connection 7 stuck=false, value=false
Connection 23 stuck=false, value=false
Connection 10 stuck=false, value=false
Connection 11 stuck=false, value=false
Input 1 = false
Input 2 = true
Input 3 = false
Input 6 = false
Input 7 = false
Connection 1 stuck=true, value=false
Input 1 = false
Input 2 = true
Input 3 = false
Input 6 = false
Input 7 = false
Connection 16 stuck=false, value=false
Connection 1 stuck=false, value=false
Connection 2 stuck=false, value=false
Connection 3 stuck=false, value=false
Connection 19 stuck=false, value=false
Connection 6 stuck=false, value=false
Connection 22 stuck=false, value=false
Connection 7 stuck=false, value=false
Connection 23 stuck=false, value=false
Connection 10 stuck=false, value=false
Connection 11 stuck=false, value=false
Input 1 = false
Input 2 = false
Input 3 = false
Input 6 = false
Input 7 = false
Connection 1 stuck=true, value=true
Input 1 = true
Input 2 = false
Input 3 = false
Input 6 = false
Input 7 = false
Connection 1 stuck=false, value=false
Connection 16 stuck=false, value=false
Connection 1 stuck=false, value=false
Connection 2 stuck=false, value=false
Connection 3 stuck=false, value=false
Connection 19 stuck=false, value=false
Connection 6 stuck=false, value=false
Connection 22 stuck=false, value=false
Connection 7 stuck=false, value=false
Connection 23 stuck=false, value=false
Connection 10 stuck=false, value=false
Connection 11 stuck=false, value=false
Input 1 = false
Input 2 = false
Input 3 = false
Input 6 = false
Input 7 = true
Connection 1 stuck=true, value=true
Input 1 = true
Input 2 = false
Input 3 = false
Input 6 = false
Input 7 = true
Connection 1 stuck=false, value=false
Connection 16 stuck=false, value=false
Connection 1 stuck=false, value=false
Connection 2 stuck=false, value=false
Connection 3 stuck=false, value=false
Connection 19 stuck=false, value=false
Connection 6 stuck=false, value=false
Connection 22 stuck=false, value=false
Connection 7 stuck=false, value=false
Connection 23 stuck=false, value=false
Connection 10 stuck=false, value=false
Connection 11 stuck=false, value=false
Input 1 = false
Input 2 = false
Input 3 = false
Input 6 = true
Input 7 = false
Connection 1 stuck=true, value=true
Input 1 = true
Input 2 = false
Input 3 = false
Input 6 = true
Input 7 = false
Connection 1 stuck=false, value=false
Connection 16 stuck=false, value=false
Connection 1 stuck=false, value=false
Connection 2 stuck=false, value=false
Connection 3 stuck=false, value=false
Connection 19 stuck=false, value=false
Connection 6 stuck=false, value=false
Connection 22 stuck=false, value=false
Connection 7 stuck=false, value=false
Connection 23 stuck=false, value=false
Connection 10 stuck=false, value=false
Connection 11 stuck=false, value=false
Input 1 = false
Input 2 = false
Input 3 = false
Input 6 = true
Input 7 = true
Connection 1 stuck=true, value=true
Input 1 = true
Input 2 = false
Input 3 = false
Input 6 = true
Input 7 = true
Connection 1 stuck=false, value=false
Connection 16 stuck=false, value=false
Connection 1 stuck=false, value=false
Connection 2 stuck=false, value=false
Connection 3 stuck=false, value=false
Connection 19 stuck=false, value=false
Connection 6 stuck=false, value=false
Connection 22 stuck=false, value=false
Connection 7 stuck=false, value=false
Connection 23 stuck=false, value=false
Connection 10 stuck=false, value=false
Connection 11 stuck=false, value=false
Input 1 = false
Input 2 = false
Input 3 = true
Input 6 = false
Input 7 = false
Connection 1 stuck=true, value=true
Input 1 = true
Input 2 = false
Input 3 = true
Input 6 = false
Input 7 = false
Connection 1 stuck=false, value=false
Connection 16 stuck=false, value=false
Connection 1 stuck=false, value=false
Connection 2 stuck=false, value=false
Connection 3 stuck=false, value=false
Connection 19 stuck=false, value=false
Connection 6 stuck=false, value=false
Connection 22 stuck=false, value=false
Connection 7 stuck=false, value=false
Connection 23 stuck=false, value=false
Connection 10 stuck=false, value=false
Connection 11 stuck=false, value=false
Input 1 = false
Input 2 = false
Input 3 = true
Input 6 = false
Input 7 = true
Connection 1 stuck=true, value=true
Input 1 = true
Input 2 = false
Input 3 = true
Input 6 = false
Input 7 = true
Connection 16 stuck=false, value=false
Connection 1 stuck=false, value=false
Connection 2 stuck=false, value=false
Connection 3 stuck=false, value=false
Connection 19 stuck=false, value=false
Connection 6 stuck=false, value=false
Connection 22 stuck=false, value=false
Connection 7 stuck=false, value=false
Connection 23 stuck=false, value=false
Connection 10 stuck=false, value=false
Connection 11 stuck=false, value=false
Input 1 = false
Input 2 = false
Input 3 = false
Input 6 = false
Input 7 = false
Connection 2 stuck=true, value=false
Input 1 = false
Input 2 = false
Input 3 = false
Input 6 = false
Input 7 = false
Connection 16 stuck=false, value=false
Connection 1 stuck=false, value=false
Connection 2 stuck=false, value=false
Connection 3 stuck=false, value=false
Connection 19 stuck=false, value=false
Connection 6 stuck=false, value=false
Connection 22 stuck=false, value=false
Connection 7 stuck=false, value=false
Connection 23 stuck=false, value=false
Connection 10 stuck=false, value=false
Connection 11 stuck=false, value=false
Input 1 = false
Input 2 = false
Input 3 = false
Input 6 = false
Input 7 = false
Connection 2 stuck=true, value=true
Input 1 = false
Input 2 = true
Input 3 = false
Input 6 = false
Input 7 = false
Connection 16 stuck=false, value=false
Connection 1 stuck=false, value=false
Connection 2 stuck=false, value=false
Connection 3 stuck=false, value=false
Connection 19 stuck=false, value=false
Connection 6 stuck=false, value=false
Connection 22 stuck=false, value=false
Connection 7 stuck=false, value=false
Connection 23 stuck=false, value=false
Connection 10 stuck=false, value=false
Connection 11 stuck=false, value=false
Input 1 = false
Input 2 = false
Input 3 = false
Input 6 = false
Input 7 = false
Connection 3 stuck=true, value=false
Input 1 = false
Input 2 = false
Input 3 = false
Input 6 = false
Input 7 = false
Connection 3 stuck=false, value=false
Connection 16 stuck=false, value=false
Connection 1 stuck=false, value=false
Connection 2 stuck=false, value=false
Connection 3 stuck=false, value=false
Connection 19 stuck=false, value=false
Connection 6 stuck=false, value=false
Connection 22 stuck=false, value=false
Connection 7 stuck=false, value=false
Connection 23 stuck=false, value=false
Connection 10 stuck=false, value=false
Connection 11 stuck=false, value=false
Input 1 = false
Input 2 = false
Input 3 = false
Input 6 = false
Input 7 = true
Connection 3 stuck=true, value=false
Input 1 = false
Input 2 = false
Input 3 = false
Input 6 = false
Input 7 = true
Connection 3 stuck=false, value=false
Connection 16 stuck=false, value=false
Connection 1 stuck=false, value=false
Connection 2 stuck=false, value=false
Connection 3 stuck=false, value=false
Connection 19 stuck=false, value=false
Connection 6 stuck=false, value=false
Connection 22 stuck=false, value=false
Connection 7 stuck=false, value=false
Connection 23 stuck=false, value=false
Connection 10 stuck=false, value=false
Connection 11 stuck=false, value=false
Input 1 = false
Input 2 = false
Input 3 = false
Input 6 = true
Input 7 = false
Connection 3 stuck=true, value=false
Input 1 = false
Input 2 = false
Input 3 = false
Input 6 = true
Input 7 = false
Connection 3 stuck=false, value=false
Connection 16 stuck=false, value=false
Connection 1 stuck=false, value=false
Connection 2 stuck=false, value=false
Connection 3 stuck=false, value=false
Connection 19 stuck=false, value=false
Connection 6 stuck=false, value=false
Connection 22 stuck=false, value=false
Connection 7 stuck=false, value=false
Connection 23 stuck=false, value=false
Connection 10 stuck=false, value=false
Connection 11 stuck=false, value=false
Input 1 = false
Input 2 = false
Input 3 = false
Input 6 = true
Input 7 = true
Connection 3 stuck=true, value=false
Input 1 = false
Input 2 = false
Input 3 = false
Input 6 = true
Input 7 = true
Connection 3 stuck=false, value=false
Connection 16 stuck=false, value=false
Connection 1 stuck=false, value=false
Connection 2 stuck=false, value=false
Connection 3 stuck=false, value=false
Connection 19 stuck=false, value=false
Connection 6 stuck=false, value=false
Connection 22 stuck=false, value=false
Connection 7 stuck=false, value=false
Connection 23 stuck=false, value=false
Connection 10 stuck=false, value=false
Connection 11 stuck=false, value=false
Input 1 = false
Input 2 = false
Input 3 = true
Input 6 = false
Input 7 = false
Connection 3 stuck=true, value=false
Input 1 = false
Input 2 = false
Input 3 = false
Input 6 = false
Input 7 = false
Connection 3 stuck=false, value=false
Connection 16 stuck=false, value=false
Connection 1 stuck=false, value=false
Connection 2 stuck=false, value=false
Connection 3 stuck=false, value=false
Connection 19 stuck=false, value=false
Connection 6 stuck=false, value=false
Connection 22 stuck=false, value=false
Connection 7 stuck=false, value=false
Connection 23 stuck=false, value=false
Connection 10 stuck=false, value=false
Connection 11 stuck=false, value=false
Input 1 = false
Input 2 = false
Input 3 = true
Input 6 = false
Input 7 = true
Connection 3 stuck=true, value=false
Input 1 = false
Input 2 = false
Input 3 = false
Input 6 = false
Input 7 = true
Connection 3 stuck=false, value=false
Connection 16 stuck=false, value=false
Connection 1 stuck=false, value=false
Connection 2 stuck=false, value=false
Connection 3 stuck=false, value=false
Connection 19 stuck=false, value=false
Connection 6 stuck=false, value=false
Connection 22 stuck=false, value=false
Connection 7 stuck=false, value=false
Connection 23 stuck=false, value=false
Connection 10 stuck=false, value=false
Connection 11 stuck=false, value=false
Input 1 = false
Input 2 = false
Input 3 = true
Input 6 = true
Input 7 = false
Connection 3 stuck=true, value=false
Input 1 = false
Input 2 = false
Input 3 = false
Input 6 = true
Input 7 = false
Connection 3 stuck=false, value=false
Connection 16 stuck=false, value=false
Connection 1 stuck=false, value=false
Connection 2 stuck=false, value=false
Connection 3 stuck=false, value=false
Connection 19 stuck=false, value=false
Connection 6 stuck=false, value=false
Connection 22 stuck=false, value=false
Connection 7 stuck=false, value=false
Connection 23 stuck=false, value=false
Connection 10 stuck=false, value=false
Connection 11 stuck=false, value=false
Input 1 = false
Input 2 = false
Input 3 = true
Input 6 = true
Input 7 = true
Connection 3 stuck=true, value=false
Input 1 = false
Input 2 = false
Input 3 = false
Input 6 = true
Input 7 = true
Connection 16 stuck=false, value=false
Connection 1 stuck=false, value=false
Connection 2 stuck=false, value=false
Connection 3 stuck=false, value=false
Connection 19 stuck=false, value=false
Connection 6 stuck=false, value=false
Connection 22 stuck=false, value=false
Connection 7 stuck=false, value=false
Connection 23 stuck=false, value=false
Connection 10 stuck=false, value=false
Connection 11 stuck=false, value=false
Input 1 = false
Input 2 = false
Input 3 = false
Input 6 = false
Input 7 = false
Connection 3 stuck=true, value=true
Input 1 = false
Input 2 = false
Input 3 = true
Input 6 = false
Input 7 = false
Connection 3 stuck=false, value=false
Connection 16 stuck=false, value=false
Connection 1 stuck=false, value=false
Connection 2 stuck=false, value=false
Connection 3 stuck=false, value=false
Connection 19 stuck=false, value=false
Connection 6 stuck=false, value=false
Connection 22 stuck=false, value=false
Connection 7 stuck=false, value=false
Connection 23 stuck=false, value=false
Connection 10 stuck=false, value=false
Connection 11 stuck=false, value=false
Input 1 = false
Input 2 = false
Input 3 = false
Input 6 = false
Input 7 = true
Connection 3 stuck=true, value=true
Input 1 = false
Input 2 = false
Input 3 = true
Input 6 = false
Input 7 = true
Connection 3 stuck=false, value=false
Connection 16 stuck=false, value=false
Connection 1 stuck=false, value=false
Connection 2 stuck=false, value=false
Connection 3 stuck=false, value=false
Connection 19 stuck=false, value=false
Connection 6 stuck=false, value=false
Connection 22 stuck=false, value=false
Connection 7 stuck=false, value=false
Connection 23 stuck=false, value=false
Connection 10 stuck=false, value=false
Connection 11 stuck=false, value=false
Input 1 = false
Input 2 = false
Input 3 = false
Input 6 = true
Input 7 = false
Connection 3 stuck=true, value=true
Input 1 = false
Input 2 = false
Input 3 = true
Input 6 = true
Input 7 = false
Connection 3 stuck=false, value=false
Connection 16 stuck=false, value=false
Connection 1 stuck=false, value=false
Connection 2 stuck=false, value=false
Connection 3 stuck=false, value=false
Connection 19 stuck=false, value=false
Connection 6 stuck=false, value=false
Connection 22 stuck=false, value=false
Connection 7 stuck=false, value=false
Connection 23 stuck=false, value=false
Connection 10 stuck=false, value=false
Connection 11 stuck=false, value=false
Input 1 = false
Input 2 = false
Input 3 = false
Input 6 = true
Input 7 = true
Connection 3 stuck=true, value=true
Input 1 = false
Input 2 = false
Input 3 = true
Input 6 = true
Input 7 = true
Connection 16 stuck=false, value=false
Connection 1 stuck=false, value=false
Connection 2 stuck=false, value=false
Connection 3 stuck=false, value=false
Connection 19 stuck=false, value=false
Connection 6 stuck=false, value=false
Connection 22 stuck=false, value=false
Connection 7 stuck=false, value=false
Connection 23 stuck=false, value=false
Connection 10 stuck=false, value=false
Connection 11 stuck=false, value=false
Input 1 = false
Input 2 = false
Input 3 = false
Input 6 = false
Input 7 = false
Connection 19 stuck=true, value=false
Input 1 = false
Input 2 = false
Input 3 = false
Input 6 = false
Input 7 = false
Connection 16 stuck=false, value=false
Connection 1 stuck=false, value=false
Connection 2 stuck=false, value=false
Connection 3 stuck=false, value=false
Connection 19 stuck=false, value=false
Connection 6 stuck=false, value=false
Connection 22 stuck=false, value=false
Connection 7 stuck=false, value=false
Connection 23 stuck=false, value=false
Connection 10 stuck=false, value=false
Connection 11 stuck=false, value=false
Input 1 = false
Input 2 = false
Input 3 = false
Input 6 = false
Input 7 = false
Connection 19 stuck=true, value=true
Input 1 = false
Input 2 = false
Input 3 = false
Input 6 = false
Input 7 = false
Connection 19 stuck=false, value=false
Connection 16 stuck=false, value=false
Connection 1 stuck=false, value=false
Connection 2 stuck=false, value=false
Connection 3 stuck=false, value=false
Connection 19 stuck=false, value=false
Connection 6 stuck=false, value=false
Connection 22 stuck=false, value=false
Connection 7 stuck=false, value=false
Connection 23 stuck=false, value=false
Connection 10 stuck=false, value=false
Connection 11 stuck=false, value=false
Input 1 = false
Input 2 = false
Input 3 = false
Input 6 = false
Input 7 = true
Connection 19 stuck=true, value=true
Input 1 = false
Input 2 = false
Input 3 = false
Input 6 = false
Input 7 = true
Connection 16 stuck=false, value=false
Connection 1 stuck=false, value=false
Connection 2 stuck=false, value=false
Connection 3 stuck=false, value=false
Connection 19 stuck=false, value=false
Connection 6 stuck=false, value=false
Connection 22 stuck=false, value=false
Connection 7 stuck=false, value=false
Connection 23 stuck=false, value=false
Connection 10 stuck=false, value=false
Connection 11 stuck=false, value=false
Input 1 = false
Input 2 = false
Input 3 = false
Input 6 = false
Input 7 = false
Connection 6 stuck=true, value=false
Input 1 = false
Input 2 = false
Input 3 = false
Input 6 = false
Input 7 = false
Connection 6 stuck=false, value=false
Connection 16 stuck=false, value=false
Connection 1 stuck=false, value=false
Connection 2 stuck=false, value=false
Connection 3 stuck=false, value=false
Connection 19 stuck=false, value=false
Connection 6 stuck=false, value=false
Connection 22 stuck=false, value=false
Connection 7 stuck=false, value=false
Connection 23 stuck=false, value=false
Connection 10 stuck=false, value=false
Connection 11 stuck=false, value=false
Input 1 = false
Input 2 = false
Input 3 = false
Input 6 = false
Input 7 = true
Connection 6 stuck=true, value=false
Input 1 = false
Input 2 = false
Input 3 = false
Input 6 = false
Input 7 = true
Connection 6 stuck=false, value=false
Connection 16 stuck=false, value=false
Connection 1 stuck=false, value=false
Connection 2 stuck=false, value=false
Connection 3 stuck=false, value=false
Connection 19 stuck=false, value=false
Connection 6 stuck=false, value=false
Connection 22 stuck=false, value=false
Connection 7 stuck=false, value=false
Connection 23 stuck=false, value=false
Connection 10 stuck=false, value=false
Connection 11 stuck=false, value=false
Input 1 = false
Input 2 = false
Input 3 = false
Input 6 = true
Input 7 = false
Connection 6 stuck=true, value=false
Input 1 = false
Input 2 = false
Input 3 = false
Input 6 = false
Input 7 = false
Connection 6 stuck=false, value=false
Connection 16 stuck=false, value=false
Connection 1 stuck=false, value=false
Connection 2 stuck=false, value=false
Connection 3 stuck=false, value=false
Connection 19 stuck=false, value=false
Connection 6 stuck=false, value=false
Connection 22 stuck=false, value=false
Connection 7 stuck=false, value=false
Connection 23 stuck=false, value=false
Connection 10 stuck=false, value=false
Connection 11 stuck=false, value=false
Input 1 = false
Input 2 = false
Input 3 = false
Input 6 = true
Input 7 = true
Connection 6 stuck=true, value=false
Input 1 = false
Input 2 = false
Input 3 = false
Input 6 = false
Input 7 = true
Connection 6 stuck=false, value=false
Connection 16 stuck=false, value=false
Connection 1 stuck=false, value=false
Connection 2 stuck=false, value=false
Connection 3 stuck=false, value=false
Connection 19 stuck=false, value=false
Connection 6 stuck=false, value=false
Connection 22 stuck=false, value=false
Connection 7 stuck=false, value=false
Connection 23 stuck=false, value=false
Connection 10 stuck=false, value=false
Connection 11 stuck=false, value=false
Input 1 = false
Input 2 = false
Input 3 = true
Input 6 = false
Input 7 = false
Connection 6 stuck=true, value=false
Input 1 = false
Input 2 = false
Input 3 = true
Input 6 = false
Input 7 = false
Connection 6 stuck=false, value=false
Connection 16 stuck=false, value=false
Connection 1 stuck=false, value=false
Connection 2 stuck=false, value=false
Connection 3 stuck=false, value=false
Connection 19 stuck=false, value=false
Connection 6 stuck=false, value=false
Connection 22 stuck=false, value=false
Connection 7 stuck=false, value=false
Connection 23 stuck=false, value=false
Connection 10 stuck=false, value=false
Connection 11 stuck=false, value=false
Input 1 = false
Input 2 = false
Input 3 = true
Input 6 = false
Input 7 = true
Connection 6 stuck=true, value=false
Input 1 = false
Input 2 = false
Input 3 = true
Input 6 = false
Input 7 = true
Connection 6 stuck=false, value=false
Connection 16 stuck=false, value=false
Connection 1 stuck=false, value=false
Connection 2 stuck=false, value=false
Connection 3 stuck=false, value=false
Connection 19 stuck=false, value=false
Connection 6 stuck=false, value=false
Connection 22 stuck=false, value=false
Connection 7 stuck=false, value=false
Connection 23 stuck=false, value=false
Connection 10 stuck=false, value=false
Connection 11 stuck=false, value=false
Input 1 = false
Input 2 = false
Input 3 = true
Input 6 = true
Input 7 = false
Connection 6 stuck=true, value=false
Input 1 = false
Input 2 = false
Input 3 = true
Input 6 = false
Input 7 = false
Connection 6 stuck=false, value=false
Connection 16 stuck=false, value=false
Connection 1 stuck=false, value=false
Connection 2 stuck=false, value=false
Connection 3 stuck=false, value=false
Connection 19 stuck=false, value=false
Connection 6 stuck=false, value=false
Connection 22 stuck=false, value=false
Connection 7 stuck=false, value=false
Connection 23 stuck=false, value=false
Connection 10 stuck=false, value=false
Connection 11 stuck=false, value=false
Input 1 = false
Input 2 = false
Input 3 = true
Input 6 = true
Input 7 = true
Connection 6 stuck=true, value=false
Input 1 = false
Input 2 = false
Input 3 = true
Input 6 = false
Input 7 = true
Connection 16 stuck=false, value=false
Connection 1 stuck=false, value=false
Connection 2 stuck=false, value=false
Connection 3 stuck=false, value=false
Connection 19 stuck=false, value=false
Connection 6 stuck=false, value=false
Connection 22 stuck=false, value=false
Connection 7 stuck=false, value=false
Connection 23 stuck=false, value=false
Connection 10 stuck=false, value=false
Connection 11 stuck=false, value=false
Input 1 = false
Input 2 = false
Input 3 = false
Input 6 = false
Input 7 = false
Connection 6 stuck=true, value=true
Input 1 = false
Input 2 = false
Input 3 = false
Input 6 = true
Input 7 = false
Connection 6 stuck=false, value=false
Connection 16 stuck=false, value=false
Connection 1 stuck=false, value=false
Connection 2 stuck=false, value=false
Connection 3 stuck=false, value=false
Connection 19 stuck=false, value=false
Connection 6 stuck=false, value=false
Connection 22 stuck=false, value=false
Connection 7 stuck=false, value=false
Connection 23 stuck=false, value=false
Connection 10 stuck=false, value=false
Connection 11 stuck=false, value=false
Input 1 = false
Input 2 = false
Input 3 = false
Input 6 = false
Input 7 = true
Connection 6 stuck=true, value=true
Input 1 = false
Input 2 = false
Input 3 = false
Input 6 = true
Input 7 = true
Connection 6 stuck=false, value=false
Connection 16 stuck=false, value=false
Connection 1 stuck=false, value=false
Connection 2 stuck=false, value=false
Connection 3 stuck=false, value=false
Connection 19 stuck=false, value=false
Connection 6 stuck=false, value=false
Connection 22 stuck=false, value=false
Connection 7 stuck=false, value=false
Connection 23 stuck=false, value=false
Connection 10 stuck=false, value=false
Connection 11 stuck=false, value=false
Input 1 = false
Input 2 = false
Input 3 = false
Input 6 = true
Input 7 = false
Connection 6 stuck=true, value=true
Input 1 = false
Input 2 = false
Input 3 = false
Input 6 = true
Input 7 = false
Connection 6 stuck=false, value=false
Connection 16 stuck=false, value=false
Connection 1 stuck=false, value=false
Connection 2 stuck=false, value=false
Connection 3 stuck=false, value=false
Connection 19 stuck=false, value=false
Connection 6 stuck=false, value=false
Connection 22 stuck=false, value=false
Connection 7 stuck=false, value=false
Connection 23 stuck=false, value=false
Connection 10 stuck=false, value=false
Connection 11 stuck=false, value=false
Input 1 = false
Input 2 = false
Input 3 = false
Input 6 = true
Input 7 = true
Connection 6 stuck=true, value=true
Input 1 = false
Input 2 = false
Input 3 = false
Input 6 = true
Input 7 = true
Connection 6 stuck=false, value=false
Connection 16 stuck=false, value=false
Connection 1 stuck=false, value=false
Connection 2 stuck=false, value=false
Connection 3 stuck=false, value=false
Connection 19 stuck=false, value=false
Connection 6 stuck=false, value=false
Connection 22 stuck=false, value=false
Connection 7 stuck=false, value=false
Connection 23 stuck=false, value=false
Connection 10 stuck=false, value=false
Connection 11 stuck=false, value=false
Input 1 = false
Input 2 = false
Input 3 = true
Input 6 = false
Input 7 = false
Connection 6 stuck=true, value=true
Input 1 = false
Input 2 = false
Input 3 = true
Input 6 = true
Input 7 = false
Connection 6 stuck=false, value=false
Connection 16 stuck=false, value=false
Connection 1 stuck=false, value=false
Connection 2 stuck=false, value=false
Connection 3 stuck=false, value=false
Connection 19 stuck=false, value=false
Connection 6 stuck=false, value=false
Connection 22 stuck=false, value=false
Connection 7 stuck=false, value=false
Connection 23 stuck=false, value=false
Connection 10 stuck=false, value=false
Connection 11 stuck=false, value=false
Input 1 = false
Input 2 = false
Input 3 = true
Input 6 = false
Input 7 = true
Connection 6 stuck=true, value=true
Input 1 = false
Input 2 = false
Input 3 = true
Input 6 = true
Input 7 = true
Connection 16 stuck=false, value=false
Connection 1 stuck=false, value=false
Connection 2 stuck=false, value=false
Connection 3 stuck=false, value=false
Connection 19 stuck=false, value=false
Connection 6 stuck=false, value=false
Connection 22 stuck=false, value=false
Connection 7 stuck=false, value=false
Connection 23 stuck=false, value=false
Connection 10 stuck=false, value=false
Connection 11 stuck=false, value=false
Input 1 = false
Input 2 = false
Input 3 = false
Input 6 = false
Input 7 = false
Connection 22 stuck=true, value=false
Input 1 = false
Input 2 = false
Input 3 = false
Input 6 = false
Input 7 = false
Connection 22 stuck=false, value=false
Connection 16 stuck=false, value=false
Connection 1 stuck=false, value=false
Connection 2 stuck=false, value=false
Connection 3 stuck=false, value=false
Connection 19 stuck=false, value=false
Connection 6 stuck=false, value=false
Connection 22 stuck=false, value=false
Connection 7 stuck=false, value=false
Connection 23 stuck=false, value=false
Connection 10 stuck=false, value=false
Connection 11 stuck=false, value=false
Input 1 = false
Input 2 = false
Input 3 = false
Input 6 = false
Input 7 = true
Connection 22 stuck=true, value=false
Input 1 = false
Input 2 = false
Input 3 = false
Input 6 = false
Input 7 = true
Connection 22 stuck=false, value=false
Connection 16 stuck=false, value=false
Connection 1 stuck=false, value=false
Connection 2 stuck=false, value=false
Connection 3 stuck=false, value=false
Connection 19 stuck=false, value=false
Connection 6 stuck=false, value=false
Connection 22 stuck=false, value=false
Connection 7 stuck=false, value=false
Connection 23 stuck=false, value=false
Connection 10 stuck=false, value=false
Connection 11 stuck=false, value=false
Input 1 = false
Input 2 = false
Input 3 = false
Input 6 = true
Input 7 = false
Connection 22 stuck=true, value=false
Input 1 = false
Input 2 = false
Input 3 = false
Input 6 = true
Input 7 = false
Connection 22 stuck=false, value=false
Connection 16 stuck=false, value=false
Connection 1 stuck=false, value=false
Connection 2 stuck=false, value=false
Connection 3 stuck=false, value=false
Connection 19 stuck=false, value=false
Connection 6 stuck=false, value=false
Connection 22 stuck=false, value=false
Connection 7 stuck=false, value=false
Connection 23 stuck=false, value=false
Connection 10 stuck=false, value=false
Connection 11 stuck=false, value=false
Input 1 = false
Input 2 = false
Input 3 = false
Input 6 = true
Input 7 = true
Connection 22 stuck=true, value=false
Input 1 = false
Input 2 = false
Input 3 = false
Input 6 = true
Input 7 = true
Connection 22 stuck=false, value=false
Connection 16 stuck=false, value=false
Connection 1 stuck=false, value=false
Connection 2 stuck=false, value=false
Connection 3 stuck=false, value=false
Connection 19 stuck=false, value=false
Connection 6 stuck=false, value=false
Connection 22 stuck=false, value=false
Connection 7 stuck=false, value=false
Connection 23 stuck=false, value=false
Connection 10 stuck=false, value=false
Connection 11 stuck=false, value=false
Input 1 = false
Input 2 = false
Input 3 = true
Input 6 = false
Input 7 = false
Connection 22 stuck=true, value=false
Input 1 = false
Input 2 = false
Input 3 = true
Input 6 = false
Input 7 = false
Connection 22 stuck=false, value=false
Connection 16 stuck=false, value=false
Connection 1 stuck=false, value=false
Connection 2 stuck=false, value=false
Connection 3 stuck=false, value=false
Connection 19 stuck=false, value=false
Connection 6 stuck=false, value=false
Connection 22 stuck=false, value=false
Connection 7 stuck=false, value=false
Connection 23 stuck=false, value=false
Connection 10 stuck=false, value=false
Connection 11 stuck=false, value=false
Input 1 = false
Input 2 = false
Input 3 = true
Input 6 = false
Input 7 = true
Connection 22 stuck=true, value=false
Input 1 = false
Input 2 = false
Input 3 = true
Input 6 = false
Input 7 = true
Connection 22 stuck=false, value=false
Connection 16 stuck=false, value=false
Connection 1 stuck=false, value=false
Connection 2 stuck=false, value=false
Connection 3 stuck=false, value=false
Connection 19 stuck=false, value=false
Connection 6 stuck=false, value=false
Connection 22 stuck=false, value=false
Connection 7 stuck=false, value=false
Connection 23 stuck=false, value=false
Connection 10 stuck=false, value=false
Connection 11 stuck=false, value=false
Input 1 = false
Input 2 = false
Input 3 = true
Input 6 = true
Input 7 = false
Connection 22 stuck=true, value=false
Input 1 = false
Input 2 = false
Input 3 = true
Input 6 = true
Input 7 = false
Connection 22 stuck=false, value=false
Connection 16 stuck=false, value=false
Connection 1 stuck=false, value=false
Connection 2 stuck=false, value=false
Connection 3 stuck=false, value=false
Connection 19 stuck=false, value=false
Connection 6 stuck=false, value=false
Connection 22 stuck=false, value=false
Connection 7 stuck=false, value=false
Connection 23 stuck=false, value=false
Connection 10 stuck=false, value=false
Connection 11 stuck=false, value=false
Input 1 = false
Input 2 = false
Input 3 = true
Input 6 = true
Input 7 = true
Connection 22 stuck=true, value=false
Input 1 = false
Input 2 = false
Input 3 = true
Input 6 = true
Input 7 = true
Connection 22 stuck=false, value=false
Connection 16 stuck=false, value=false
Connection 1 stuck=false, value=false
Connection 2 stuck=false, value=false
Connection 3 stuck=false, value=false
Connection 19 stuck=false, value=false
Connection 6 stuck=false, value=false
Connection 22 stuck=false, value=false
Connection 7 stuck=false, value=false
Connection 23 stuck=false, value=false
Connection 10 stuck=false, value=false
Connection 11 stuck=false, value=false
Input 1 = false
Input 2 = true
Input 3 = false
Input 6 = false
Input 7 = false
Connection 22 stuck=true, value=false
Input 1 = false
Input 2 = true
Input 3 = false
Input 6 = false
Input 7 = false
Connection 16 stuck=false, value=false
Connection 1 stuck=false, value=false
Connection 2 stuck=false, value=false
Connection 3 stuck=false, value=false
Connection 19 stuck=false, value=false
Connection 6 stuck=false, value=false
Connection 22 stuck=false, value=false
Connection 7 stuck=false, value=false
Connection 23 stuck=false, value=false
Connection 10 stuck=false, value=false
Connection 11 stuck=false, value=false
Input 1 = false
Input 2 = false
Input 3 = false
Input 6 = false
Input 7 = false
Connection 22 stuck=true, value=true
Input 1 = false
Input 2 = false
Input 3 = false
Input 6 = false
Input 7 = false
Connection 16 stuck=false, value=false
Connection 1 stuck=false, value=false
Connection 2 stuck=false, value=false
Connection 3 stuck=false, value=false
Connection 19 stuck=false, value=false
Connection 6 stuck=false, value=false
Connection 22 stuck=false, value=false
Connection 7 stuck=false, value=false
Connection 23 stuck=false, value=false
Connection 10 stuck=false, value=false
Connection 11 stuck=false, value=false
Input 1 = false
Input 2 = false
Input 3 = false
Input 6 = false
Input 7 = false
Connection 7 stuck=true, value=false
Input 1 = false
Input 2 = false
Input 3 = false
Input 6 = false
Input 7 = false
Connection 7 stuck=false, value=false
Connection 16 stuck=false, value=false
Connection 1 stuck=false, value=false
Connection 2 stuck=false, value=false
Connection 3 stuck=false, value=false
Connection 19 stuck=false, value=false
Connection 6 stuck=false, value=false
Connection 22 stuck=false, value=false
Connection 7 stuck=false, value=false
Connection 23 stuck=false, value=false
Connection 10 stuck=false, value=false
Connection 11 stuck=false, value=false
Input 1 = false
Input 2 = false
Input 3 = false
Input 6 = false
Input 7 = true
Connection 7 stuck=true, value=false
Input 1 = false
Input 2 = false
Input 3 = false
Input 6 = false
Input 7 = false
Connection 16 stuck=false, value=false
Connection 1 stuck=false, value=false
Connection 2 stuck=false, value=false
Connection 3 stuck=false, value=false
Connection 19 stuck=false, value=false
Connection 6 stuck=false, value=false
Connection 22 stuck=false, value=false
Connection 7 stuck=false, value=false
Connection 23 stuck=false, value=false
Connection 10 stuck=false, value=false
Connection 11 stuck=false, value=false
Input 1 = false
Input 2 = false
Input 3 = false
Input 6 = false
Input 7 = false
Connection 7 stuck=true, value=true
Input 1 = false
Input 2 = false
Input 3 = false
Input 6 = false
Input 7 = true
Connection 16 stuck=false, value=false
Connection 1 stuck=false, value=false
Connection 2 stuck=false, value=false
Connection 3 stuck=false, value=false
Connection 19 stuck=false, value=false
Connection 6 stuck=false, value=false
Connection 22 stuck=false, value=false
Connection 7 stuck=false, value=false
Connection 23 stuck=false, value=false
Connection 10 stuck=false, value=false
Connection 11 stuck=false, value=false
Input 1 = false
Input 2 = false
Input 3 = false
Input 6 = false
Input 7 = false
Connection 23 stuck=true, value=false
Input 1 = false
Input 2 = false
Input 3 = false
Input 6 = false
Input 7 = false
Connection 23 stuck=false, value=false
Connection 16 stuck=false, value=false
Connection 1 stuck=false, value=false
Connection 2 stuck=false, value=false
Connection 3 stuck=false, value=false
Connection 19 stuck=false, value=false
Connection 6 stuck=false, value=false
Connection 22 stuck=false, value=false
Connection 7 stuck=false, value=false
Connection 23 stuck=false, value=false
Connection 10 stuck=false, value=false
Connection 11 stuck=false, value=false
Input 1 = false
Input 2 = false
Input 3 = false
Input 6 = false
Input 7 = true
Connection 23 stuck=true, value=false
Input 1 = false
Input 2 = false
Input 3 = false
Input 6 = false
Input 7 = true
Connection 16 stuck=false, value=false
Connection 1 stuck=false, value=false
Connection 2 stuck=false, value=false
Connection 3 stuck=false, value=false
Connection 19 stuck=false, value=false
Connection 6 stuck=false, value=false
Connection 22 stuck=false, value=false
Connection 7 stuck=false, value=false
Connection 23 stuck=false, value=false
Connection 10 stuck=false, value=false
Connection 11 stuck=false, value=false
Input 1 = false
Input 2 = false
Input 3 = false
Input 6 = false
Input 7 = false
Connection 23 stuck=true, value=true
Input 1 = false
Input 2 = false
Input 3 = false
Input 6 = false
Input 7 = false
Connection 16 stuck=false, value=false
Connection 1 stuck=false, value=false
Connection 2 stuck=false, value=false
Connection 3 stuck=false, value=false
Connection 19 stuck=false, value=false
Connection 6 stuck=false, value=false
Connection 22 stuck=false, value=false
Connection 7 stuck=false, value=false
Connection 23 stuck=false, value=false
Connection 10 stuck=false, value=false
Connection 11 stuck=false, value=false
Input 1 = false
Input 2 = false
Input 3 = false
Input 6 = false
Input 7 = false
Connection 10 stuck=true, value=false
Input 1 = false
Input 2 = false
Input 3 = false
Input 6 = false
Input 7 = false
Connection 16 stuck=false, value=false
Connection 1 stuck=false, value=false
Connection 2 stuck=false, value=false
Connection 3 stuck=false, value=false
Connection 19 stuck=false, value=false
Connection 6 stuck=false, value=false
Connection 22 stuck=false, value=false
Connection 7 stuck=false, value=false
Connection 23 stuck=false, value=false
Connection 10 stuck=false, value=false
Connection 11 stuck=false, value=false
Input 1 = false
Input 2 = false
Input 3 = false
Input 6 = false
Input 7 = false
Connection 10 stuck=true, value=true
Input 1 = false
Input 2 = false
Input 3 = false
Input 6 = false
Input 7 = false
Connection 16 stuck=false, value=false
Connection 1 stuck=false, value=false
Connection 2 stuck=false, value=false
Connection 3 stuck=false, value=false
Connection 19 stuck=false, value=false
Connection 6 stuck=false, value=false
Connection 22 stuck=false, value=false
Connection 7 stuck=false, value=false
Connection 23 stuck=false, value=false
Connection 10 stuck=false, value=false
Connection 11 stuck=false, value=false
Input 1 = false
Input 2 = false
Input 3 = false
Input 6 = false
Input 7 = false
Connection 11 stuck=true, value=false
Input 1 = false
Input 2 = false
Input 3 = false
Input 6 = false
Input 7 = false
Connection 11 stuck=false, value=false
Connection 16 stuck=false, value=false
Connection 1 stuck=false, value=false
Connection 2 stuck=false, value=false
Connection 3 stuck=false, value=false
Connection 19 stuck=false, value=false
Connection 6 stuck=false, value=false
Connection 22 stuck=false, value=false
Connection 7 stuck=false, value=false
Connection 23 stuck=false, value=false
Connection 10 stuck=false, value=false
Connection 11 stuck=false, value=false
Input 1 = false
Input 2 = false
Input 3 = false
Input 6 = false
Input 7 = true
Connection 11 stuck=true, value=false
Input 1 = false
Input 2 = false
Input 3 = false
Input 6 = false
Input 7 = true
Connection 11 stuck=false, value=false
Connection 16 stuck=false, value=false
Connection 1 stuck=false, value=false
Connection 2 stuck=false, value=false
Connection 3 stuck=false, value=false
Connection 19 stuck=false, value=false
Connection 6 stuck=false, value=false
Connection 22 stuck=false, value=false
Connection 7 stuck=false, value=false
Connection 23 stuck=false, value=false
Connection 10 stuck=false, value=false
Connection 11 stuck=false, value=false
Input 1 = false
Input 2 = false
Input 3 = false
Input 6 = true
Input 7 = false
Connection 11 stuck=true, value=false
Input 1 = false
Input 2 = false
Input 3 = false
Input 6 = true
Input 7 = false
Connection 11 stuck=false, value=false
Connection 16 stuck=false, value=false
Connection 1 stuck=false, value=false
Connection 2 stuck=false, value=false
Connection 3 stuck=false, value=false
Connection 19 stuck=false, value=false
Connection 6 stuck=false, value=false
Connection 22 stuck=false, value=false
Connection 7 stuck=false, value=false
Connection 23 stuck=false, value=false
Connection 10 stuck=false, value=false
Connection 11 stuck=false, value=false
Input 1 = false
Input 2 = false
Input 3 = false
Input 6 = true
Input 7 = true
Connection 11 stuck=true, value=false
Input 1 = false
Input 2 = false
Input 3 = false
Input 6 = true
Input 7 = true
Connection 11 stuck=false, value=false
Connection 16 stuck=false, value=false
Connection 1 stuck=false, value=false
Connection 2 stuck=false, value=false
Connection 3 stuck=false, value=false
Connection 19 stuck=false, value=false
Connection 6 stuck=false, value=false
Connection 22 stuck=false, value=false
Connection 7 stuck=false, value=false
Connection 23 stuck=false, value=false
Connection 10 stuck=false, value=false
Connection 11 stuck=false, value=false
Input 1 = false
Input 2 = false
Input 3 = true
Input 6 = false
Input 7 = false
Connection 11 stuck=true, value=false
Input 1 = false
Input 2 = false
Input 3 = true
Input 6 = false
Input 7 = false
Connection 11 stuck=false, value=false
Connection 16 stuck=false, value=false
Connection 1 stuck=false, value=false
Connection 2 stuck=false, value=false
Connection 3 stuck=false, value=false
Connection 19 stuck=false, value=false
Connection 6 stuck=false, value=false
Connection 22 stuck=false, value=false
Connection 7 stuck=false, value=false
Connection 23 stuck=false, value=false
Connection 10 stuck=false, value=false
Connection 11 stuck=false, value=false
Input 1 = false
Input 2 = false
Input 3 = true
Input 6 = false
Input 7 = true
Connection 11 stuck=true, value=false
Input 1 = false
Input 2 = false
Input 3 = true
Input 6 = false
Input 7 = true
Connection 11 stuck=false, value=false
Connection 16 stuck=false, value=false
Connection 1 stuck=false, value=false
Connection 2 stuck=false, value=false
Connection 3 stuck=false, value=false
Connection 19 stuck=false, value=false
Connection 6 stuck=false, value=false
Connection 22 stuck=false, value=false
Connection 7 stuck=false, value=false
Connection 23 stuck=false, value=false
Connection 10 stuck=false, value=false
Connection 11 stuck=false, value=false
Input 1 = false
Input 2 = false
Input 3 = true
Input 6 = true
Input 7 = false
Connection 11 stuck=true, value=false
Input 1 = false
Input 2 = false
Input 3 = true
Input 6 = true
Input 7 = false
Connection 11 stuck=false, value=false
Connection 16 stuck=false, value=false
Connection 1 stuck=false, value=false
Connection 2 stuck=false, value=false
Connection 3 stuck=false, value=false
Connection 19 stuck=false, value=false
Connection 6 stuck=false, value=false
Connection 22 stuck=false, value=false
Connection 7 stuck=false, value=false
Connection 23 stuck=false, value=false
Connection 10 stuck=false, value=false
Connection 11 stuck=false, value=false
Input 1 = false
Input 2 = false
Input 3 = true
Input 6 = true
Input 7 = true
Connection 11 stuck=true, value=false
Input 1 = false
Input 2 = false
Input 3 = true
Input 6 = true
Input 7 = true
Connection 11 stuck=false, value=false
Connection 16 stuck=false, value=false
Connection 1 stuck=false, value=false
Connection 2 stuck=false, value=false
Connection 3 stuck=false, value=false
Connection 19 stuck=false, value=false
Connection 6 stuck=false, value=false
Connection 22 stuck=false, value=false
Connection 7 stuck=false, value=false
Connection 23 stuck=false, value=false
Connection 10 stuck=false, value=false
Connection 11 stuck=false, value=false
Input 1 = false
Input 2 = true
Input 3 = false
Input 6 = false
Input 7 = false
Connection 11 stuck=true, value=false
Input 1 = false
Input 2 = true
Input 3 = false
Input 6 = false
Input 7 = false
Connection 11 stuck=false, value=false
Connection 16 stuck=false, value=false
Connection 1 stuck=false, value=false
Connection 2 stuck=false, value=false
Connection 3 stuck=false, value=false
Connection 19 stuck=false, value=false
Connection 6 stuck=false, value=false
Connection 22 stuck=false, value=false
Connection 7 stuck=false, value=false
Connection 23 stuck=false, value=false
Connection 10 stuck=false, value=false
Connection 11 stuck=false, value=false
Input 1 = false
Input 2 = true
Input 3 = false
Input 6 = false
Input 7 = true
Connection 11 stuck=true, value=false
Input 1 = false
Input 2 = true
Input 3 = false
Input 6 = false
Input 7 = true
Connection 11 stuck=false, value=false
Connection 16 stuck=false, value=false
Connection 1 stuck=false, value=false
Connection 2 stuck=false, value=false
Connection 3 stuck=false, value=false
Connection 19 stuck=false, value=false
Connection 6 stuck=false, value=false
Connection 22 stuck=false, value=false
Connection 7 stuck=false, value=false
Connection 23 stuck=false, value=false
Connection 10 stuck=false, value=false
Connection 11 stuck=false, value=false
Input 1 = false
Input 2 = true
Input 3 = false
Input 6 = true
Input 7 = false
Connection 11 stuck=true, value=false
Input 1 = false
Input 2 = true
Input 3 = false
Input 6 = true
Input 7 = false
Connection 11 stuck=false, value=false
Connection 16 stuck=false, value=false
Connection 1 stuck=false, value=false
Connection 2 stuck=false, value=false
Connection 3 stuck=false, value=false
Connection 19 stuck=false, value=false
Connection 6 stuck=false, value=false
Connection 22 stuck=false, value=false
Connection 7 stuck=false, value=false
Connection 23 stuck=false, value=false
Connection 10 stuck=false, value=false
Connection 11 stuck=false, value=false
Input 1 = false
Input 2 = true
Input 3 = false
Input 6 = true
Input 7 = true
Connection 11 stuck=true, value=false
Input 1 = false
Input 2 = true
Input 3 = false
Input 6 = true
Input 7 = true
Connection 11 stuck=false, value=false
Connection 16 stuck=false, value=false
Connection 1 stuck=false, value=false
Connection 2 stuck=false, value=false
Connection 3 stuck=false, value=false
Connection 19 stuck=false, value=false
Connection 6 stuck=false, value=false
Connection 22 stuck=false, value=false
Connection 7 stuck=false, value=false
Connection 23 stuck=false, value=false
Connection 10 stuck=false, value=false
Connection 11 stuck=false, value=false
Input 1 = false
Input 2 = true
Input 3 = true
Input 6 = false
Input 7 = false
Connection 11 stuck=true, value=false
Input 1 = false
Input 2 = true
Input 3 = true
Input 6 = false
Input 7 = false
Connection 11 stuck=false, value=false
Connection 16 stuck=false, value=false
Connection 1 stuck=false, value=false
Connection 2 stuck=false, value=false
Connection 3 stuck=false, value=false
Connection 19 stuck=false, value=false
Connection 6 stuck=false, value=false
Connection 22 stuck=false, value=false
Connection 7 stuck=false, value=false
Connection 23 stuck=false, value=false
Connection 10 stuck=false, value=false
Connection 11 stuck=false, value=false
Input 1 = false
Input 2 = true
Input 3 = true
Input 6 = false
Input 7 = true
Connection 11 stuck=true, value=false
Input 1 = false
Input 2 = true
Input 3 = true
Input 6 = false
Input 7 = true
Connection 11 stuck=false, value=false
Connection 16 stuck=false, value=false
Connection 1 stuck=false, value=false
Connection 2 stuck=false, value=false
Connection 3 stuck=false, value=false
Connection 19 stuck=false, value=false
Connection 6 stuck=false, value=false
Connection 22 stuck=false, value=false
Connection 7 stuck=false, value=false
Connection 23 stuck=false, value=false
Connection 10 stuck=false, value=false
Connection 11 stuck=false, value=false
Input 1 = false
Input 2 = true
Input 3 = true
Input 6 = true
Input 7 = false
Connection 11 stuck=true, value=false
Input 1 = false
Input 2 = true
Input 3 = true
Input 6 = true
Input 7 = false
Connection 11 stuck=false, value=false
Connection 16 stuck=false, value=false
Connection 1 stuck=false, value=false
Connection 2 stuck=false, value=false
Connection 3 stuck=false, value=false
Connection 19 stuck=false, value=false
Connection 6 stuck=false, value=false
Connection 22 stuck=false, value=false
Connection 7 stuck=false, value=false
Connection 23 stuck=false, value=false
Connection 10 stuck=false, value=false
Connection 11 stuck=false, value=false
Input 1 = false
Input 2 = true
Input 3 = true
Input 6 = true
Input 7 = true
Connection 11 stuck=true, value=false
Input 1 = false
Input 2 = true
Input 3 = true
Input 6 = true
Input 7 = true
Connection 11 stuck=false, value=false
Connection 16 stuck=false, value=false
Connection 1 stuck=false, value=false
Connection 2 stuck=false, value=false
Connection 3 stuck=false, value=false
Connection 19 stuck=false, value=false
Connection 6 stuck=false, value=false
Connection 22 stuck=false, value=false
Connection 7 stuck=false, value=false
Connection 23 stuck=false, value=false
Connection 10 stuck=false, value=false
Connection 11 stuck=false, value=false
Input 1 = true
Input 2 = false
Input 3 = false
Input 6 = false
Input 7 = false
Connection 11 stuck=true, value=false
Input 1 = true
Input 2 = false
Input 3 = false
Input 6 = false
Input 7 = false
Connection 11 stuck=false, value=false
Connection 16 stuck=false, value=false
Connection 1 stuck=false, value=false
Connection 2 stuck=false, value=false
Connection 3 stuck=false, value=false
Connection 19 stuck=false, value=false
Connection 6 stuck=false, value=false
Connection 22 stuck=false, value=false
Connection 7 stuck=false, value=false
Connection 23 stuck=false, value=false
Connection 10 stuck=false, value=false
Connection 11 stuck=false, value=false
Input 1 = true
Input 2 = false
Input 3 = false
Input 6 = false
Input 7 = true
Connection 11 stuck=true, value=false
Input 1 = true
Input 2 = false
Input 3 = false
Input 6 = false
Input 7 = true
Connection 11 stuck=false, value=false
Connection 16 stuck=false, value=false
Connection 1 stuck=false, value=false
Connection 2 stuck=false, value=false
Connection 3 stuck=false, value=false
Connection 19 stuck=false, value=false
Connection 6 stuck=false, value=false
Connection 22 stuck=false, value=false
Connection 7 stuck=false, value=false
Connection 23 stuck=false, value=false
Connection 10 stuck=false, value=false
Connection 11 stuck=false, value=false
Input 1 = true
Input 2 = false
Input 3 = false
Input 6 = true
Input 7 = false
Connection 11 stuck=true, value=false
Input 1 = true
Input 2 = false
Input 3 = false
Input 6 = true
Input 7 = false
Connection 11 stuck=false, value=false
Connection 16 stuck=false, value=false
Connection 1 stuck=false, value=false
Connection 2 stuck=false, value=false
Connection 3 stuck=false, value=false
Connection 19 stuck=false, value=false
Connection 6 stuck=false, value=false
Connection 22 stuck=false, value=false
Connection 7 stuck=false, value=false
Connection 23 stuck=false, value=false
Connection 10 stuck=false, value=false
Connection 11 stuck=false, value=false
Input 1 = true
Input 2 = false
Input 3 = false
Input 6 = true
Input 7 = true
Connection 11 stuck=true, value=false
Input 1 = true
Input 2 = false
Input 3 = false
Input 6 = true
Input 7 = true
Connection 11 stuck=false, value=false
Connection 16 stuck=false, value=false
Connection 1 stuck=false, value=false
Connection 2 stuck=false, value=false
Connection 3 stuck=false, value=false
Connection 19 stuck=false, value=false
Connection 6 stuck=false, value=false
Connection 22 stuck=false, value=false
Connection 7 stuck=false, value=false
Connection 23 stuck=false, value=false
Connection 10 stuck=false, value=false
Connection 11 stuck=false, value=false
Input 1 = true
Input 2 = false
Input 3 = true
Input 6 = false
Input 7 = false
Connection 11 stuck=true, value=false
Input 1 = true
Input 2 = false
Input 3 = true
Input 6 = false
Input 7 = false
Connection 16 stuck=false, value=false
Connection 1 stuck=false, value=false
Connection 2 stuck=false, value=false
Connection 3 stuck=false, value=false
Connection 19 stuck=false, value=false
Connection 6 stuck=false, value=false
Connection 22 stuck=false, value=false
Connection 7 stuck=false, value=false
Connection 23 stuck=false, value=false
Connection 10 stuck=false, value=false
Connection 11 stuck=false, value=false
Input 1 = false
Input 2 = false
Input 3 = false
Input 6 = false
Input 7 = false
Connection 11 stuck=true, value=true
Input 1 = false
Input 2 = false
Input 3 = false
Input 6 = false
Input 7 = false
Simulation Time: 0.069 seconds
Fault Coverage: 100.0%
Total Faults: 22
Detected Faults: 22
Undetectable Faults: 0
Detected Faults and Outputs:
Node 22_StuckAt0 -> Outputs: [false, true]
Node 7_StuckAt1 -> Outputs: [false, true]
Node 22_StuckAt1 -> Outputs: [true, false]
Node 3_StuckAt1 -> Outputs: [false, true]
Node 6_StuckAt1 -> Outputs: [false, true]
Node 10_StuckAt1 -> Outputs: [false, false]
Node 6_StuckAt0 -> Outputs: [false, false]
Node 7_StuckAt0 -> Outputs: [false, false]
Node 3_StuckAt0 -> Outputs: [false, false]
Node 23_StuckAt1 -> Outputs: [false, true]
Node 10_StuckAt0 -> Outputs: [true, false]
Node 23_StuckAt0 -> Outputs: [false, false]
Node 2_StuckAt1 -> Outputs: [true, true]
Node 2_StuckAt0 -> Outputs: [false, false]
Node 11_StuckAt1 -> Outputs: [false, false]
Node 11_StuckAt0 -> Outputs: [true, false]
Node 19_StuckAt1 -> Outputs: [false, false]
Node 16_StuckAt1 -> Outputs: [false, true]
Node 19_StuckAt0 -> Outputs: [false, true]
Node 16_StuckAt0 -> Outputs: [true, true]
Node 1_StuckAt1 -> Outputs: [false, true]
Node 1_StuckAt0 -> Outputs: [true, true]
Fault Simulation Completed.
Parsing completed successfully.
Parsing completed successfully.
Primary Inputs: 36
Primary Outputs: 7
Total Gates: 160
Parsing completed successfully.
Connection 1 stuck=false, value=false
Connection 2 stuck=false, value=false
Connection 3 stuck=false, value=false
Connection 4 stuck=false, value=false
Connection 5 stuck=false, value=false
Input 1 = true
Input 2 = false
Input 3 = true
Parsing completed successfully.
Parsing completed successfully.
Connection 1 stuck=false, value=false
Connection 4 stuck=false, value=false
Connection 8 stuck=false, value=false
Connection 11 stuck=false, value=false
Connection 14 stuck=false, value=false
Connection 17 stuck=false, value=false
Connection 21 stuck=false, value=false
Connection 24 stuck=false, value=false
Connection 27 stuck=false, value=false
Connection 30 stuck=false, value=false
Connection 34 stuck=false, value=false
Connection 37 stuck=false, value=false
Connection 40 stuck=false, value=false
Connection 43 stuck=false, value=false
Connection 47 stuck=false, value=false
Connection 50 stuck=false, value=false
Connection 53 stuck=false, value=false
Connection 56 stuck=false, value=false
Connection 60 stuck=false, value=false
Connection 63 stuck=false, value=false
Connection 66 stuck=false, value=false
Connection 69 stuck=false, value=false
Connection 73 stuck=false, value=false
Connection 76 stuck=false, value=false
Connection 79 stuck=false, value=false
Connection 82 stuck=false, value=false
Connection 86 stuck=false, value=false
Connection 89 stuck=false, value=false
Connection 92 stuck=false, value=false
Connection 95 stuck=false, value=false
Connection 99 stuck=false, value=false
Connection 102 stuck=false, value=false
Connection 105 stuck=false, value=false
Connection 108 stuck=false, value=false
Connection 112 stuck=false, value=false
Connection 115 stuck=false, value=false
Connection 118 stuck=false, value=false
Connection 119 stuck=false, value=false
Connection 122 stuck=false, value=false
Connection 123 stuck=false, value=false
Connection 126 stuck=false, value=false
Connection 127 stuck=false, value=false
Connection 130 stuck=false, value=false
Connection 131 stuck=false, value=false
Connection 134 stuck=false, value=false
Connection 135 stuck=false, value=false
Connection 138 stuck=false, value=false
Connection 139 stuck=false, value=false
Connection 142 stuck=false, value=false
Connection 143 stuck=false, value=false
Connection 146 stuck=false, value=false
Connection 147 stuck=false, value=false
Connection 150 stuck=false, value=false
Connection 151 stuck=false, value=false
Connection 154 stuck=false, value=false
Connection 157 stuck=false, value=false
Connection 158 stuck=false, value=false
Connection 159 stuck=false, value=false
Connection 162 stuck=false, value=false
Connection 165 stuck=false, value=false
Connection 168 stuck=false, value=false
Connection 171 stuck=false, value=false
Connection 174 stuck=false, value=false
Connection 177 stuck=false, value=false
Connection 180 stuck=false, value=false
Connection 183 stuck=false, value=false
Connection 184 stuck=false, value=false
Connection 185 stuck=false, value=false
Connection 186 stuck=false, value=false
Connection 187 stuck=false, value=false
Connection 188 stuck=false, value=false
Connection 189 stuck=false, value=false
Connection 190 stuck=false, value=false
Connection 191 stuck=false, value=false
Connection 192 stuck=false, value=false
Connection 193 stuck=false, value=false
Connection 194 stuck=false, value=false
Connection 195 stuck=false, value=false
Connection 196 stuck=false, value=false
Connection 197 stuck=false, value=false
Connection 198 stuck=false, value=false
Connection 199 stuck=false, value=false
Connection 203 stuck=false, value=false
Connection 213 stuck=false, value=false
Connection 223 stuck=false, value=false
Connection 224 stuck=false, value=false
Connection 227 stuck=false, value=false
Connection 230 stuck=false, value=false
Connection 233 stuck=false, value=false
Connection 236 stuck=false, value=false
Connection 239 stuck=false, value=false
Connection 242 stuck=false, value=false
Connection 243 stuck=false, value=false
Connection 246 stuck=false, value=false
Connection 247 stuck=false, value=false
Connection 250 stuck=false, value=false
Connection 251 stuck=false, value=false
Connection 254 stuck=false, value=false
Connection 255 stuck=false, value=false
Connection 256 stuck=false, value=false
Connection 257 stuck=false, value=false
Connection 258 stuck=false, value=false
Connection 259 stuck=false, value=false
Connection 260 stuck=false, value=false
Connection 263 stuck=false, value=false
Connection 264 stuck=false, value=false
Connection 267 stuck=false, value=false
Connection 270 stuck=false, value=false
Connection 273 stuck=false, value=false
Connection 276 stuck=false, value=false
Connection 279 stuck=false, value=false
Connection 282 stuck=false, value=false
Connection 285 stuck=false, value=false
Connection 288 stuck=false, value=false
Connection 289 stuck=false, value=false
Connection 290 stuck=false, value=false
Connection 291 stuck=false, value=false
Connection 292 stuck=false, value=false
Connection 293 stuck=false, value=false
Connection 294 stuck=false, value=false
Connection 295 stuck=false, value=false
Connection 296 stuck=false, value=false
Connection 300 stuck=false, value=false
Connection 301 stuck=false, value=false
Connection 302 stuck=false, value=false
Connection 303 stuck=false, value=false
Connection 304 stuck=false, value=false
Connection 305 stuck=false, value=false
Connection 306 stuck=false, value=false
Connection 307 stuck=false, value=false
Connection 308 stuck=false, value=false
Connection 309 stuck=false, value=false
Connection 319 stuck=false, value=false
Connection 329 stuck=false, value=false
Connection 330 stuck=false, value=false
Connection 331 stuck=false, value=false
Connection 332 stuck=false, value=false
Connection 333 stuck=false, value=false
Connection 334 stuck=false, value=false
Connection 335 stuck=false, value=false
Connection 336 stuck=false, value=false
Connection 337 stuck=false, value=false
Connection 338 stuck=false, value=false
Connection 339 stuck=false, value=false
Connection 340 stuck=false, value=false
Connection 341 stuck=false, value=false
Connection 342 stuck=false, value=false
Connection 343 stuck=false, value=false
Connection 344 stuck=false, value=false
Connection 345 stuck=false, value=false
Connection 346 stuck=false, value=false
Connection 347 stuck=false, value=false
Connection 348 stuck=false, value=false
Connection 349 stuck=false, value=false
Connection 350 stuck=false, value=false
Connection 351 stuck=false, value=false
Connection 352 stuck=false, value=false
Connection 353 stuck=false, value=false
Connection 354 stuck=false, value=false
Connection 355 stuck=false, value=false
Connection 356 stuck=false, value=false
Connection 357 stuck=false, value=false
Connection 360 stuck=false, value=false
Connection 370 stuck=false, value=false
Connection 371 stuck=false, value=false
Connection 372 stuck=false, value=false
Connection 373 stuck=false, value=false
Connection 374 stuck=false, value=false
Connection 375 stuck=false, value=false
Connection 376 stuck=false, value=false
Connection 377 stuck=false, value=false
Connection 378 stuck=false, value=false
Connection 379 stuck=false, value=false
Connection 380 stuck=false, value=false
Connection 381 stuck=false, value=false
Connection 386 stuck=false, value=false
Connection 393 stuck=false, value=false
Connection 399 stuck=false, value=false
Connection 404 stuck=false, value=false
Connection 407 stuck=false, value=false
Connection 411 stuck=false, value=false
Connection 414 stuck=false, value=false
Connection 415 stuck=false, value=false
Connection 416 stuck=false, value=false
Connection 417 stuck=false, value=false
Connection 418 stuck=false, value=false
Connection 419 stuck=false, value=false
Connection 420 stuck=false, value=false
Connection 421 stuck=false, value=false
Connection 422 stuck=false, value=false
Connection 425 stuck=false, value=false
Connection 428 stuck=false, value=false
Connection 429 stuck=false, value=false
Connection 430 stuck=false, value=false
Connection 431 stuck=false, value=false
Connection 432 stuck=false, value=false
Input 1 = true
Input 4 = false
Input 8 = true
Input 11 = false
Input 14 = true
Input 17 = false
Input 21 = true
Input 24 = false
Input 27 = true
Input 30 = false
Input 34 = true
Input 37 = false
Input 40 = true
Input 43 = false
Input 47 = true
Input 50 = false
Input 53 = true
Input 56 = false
Input 60 = true
Input 63 = false
Input 66 = true
Input 69 = false
Input 73 = true
Input 76 = false
Input 79 = true
Input 82 = false
Input 86 = true
Input 89 = false
Input 92 = true
Input 95 = false
Input 99 = true
Input 102 = false
Input 105 = true
Input 108 = false
Input 112 = true
Input 115 = false
C432 Circuit Outputs: [false, false, false, false, false, false, false]
Parsing completed successfully.
Fault: Node 1, Stuck Value: false
Fault: Node 1, Stuck Value: true
Fault: Node 2, Stuck Value: false
Fault: Node 2, Stuck Value: true
Fault: Node 3, Stuck Value: false
Fault: Node 3, Stuck Value: true
Fault: Node 4, Stuck Value: false
Fault: Node 4, Stuck Value: true
Fault: Node 5, Stuck Value: false
Fault: Node 5, Stuck Value: true
]]></system-out>
  <system-err><![CDATA[]]></system-err>
</testsuite>
