<?xml version="1.0" encoding="UTF-8"?>
<testsuite name="com.example.faultsimulator.fault_simulator_service.CircuitFaultSimulatorServiceTest" tests="1" skipped="0" failures="0" errors="0" timestamp="2024-12-16T12:30:04" hostname="SAM" time="0.034">
  <properties/>
  <testcase name="parseFile()" classname="com.example.faultsimulator.fault_simulator_service.CircuitFaultSimulatorServiceTest" time="0.034"/>
  <system-out><![CDATA[Parsing completed successfully.
Parsing completed successfully.
]]></system-out>
  <system-err><![CDATA[]]></system-err>
</testsuite>
