<?xml version="1.0" encoding="UTF-8"?>
<testsuite name="com.example.faultsimulator.fault_simulator_service.CircuitFaultSimulatorServiceTest" tests="3" skipped="0" failures="0" errors="0" timestamp="2024-11-14T17:49:38" hostname="SAM" time="0.003">
  <properties/>
  <testcase name="getCircuitGraph()" classname="com.example.faultsimulator.fault_simulator_service.CircuitFaultSimulatorServiceTest" time="0.001"/>
  <testcase name="evaluateCircuit()" classname="com.example.faultsimulator.fault_simulator_service.CircuitFaultSimulatorServiceTest" time="0.0"/>
  <testcase name="parseFile()" classname="com.example.faultsimulator.fault_simulator_service.CircuitFaultSimulatorServiceTest" time="0.0"/>
  <system-out><![CDATA[]]></system-out>
  <system-err><![CDATA[]]></system-err>
</testsuite>
